info: ::1 - - [13/Dec/2022:10:29:55 +0000] "GET /api/v1/users/ HTTP/1.1" 500 79 "-" "PostmanRuntime/7.29.2"

info: ::1 - - [13/Dec/2022:10:31:18 +0000] "GET /api/v1/ HTTP/1.1" 200 9 "-" "PostmanRuntime/7.29.2"

info: ::1 - - [13/Dec/2022:10:41:19 +0000] "GET /api/v1/ HTTP/1.1" 200 9 "-" "PostmanRuntime/7.29.2"

info: ::1 - - [13/Dec/2022:10:44:42 +0000] "GET /api/v1/employees HTTP/1.1" 200 65 "-" "PostmanRuntime/7.29.2"

info: ::1 - - [13/Dec/2022:10:47:43 +0000] "POST /api/v1/employees HTTP/1.1" 201 306 "-" "PostmanRuntime/7.29.2"

info: ::1 - - [13/Dec/2022:12:13:04 +0000] "POST /api/v1/employees HTTP/1.1" 201 246 "-" "PostmanRuntime/7.29.2"

info: ::1 - - [13/Dec/2022:12:20:51 +0000] "POST /api/v1/employees/login HTTP/1.1" 201 244 "-" "PostmanRuntime/7.29.2"

info: ::1 - - [13/Dec/2022:13:43:29 +0000] "POST /api/v1/employees/login HTTP/1.1" 201 60 "-" "PostmanRuntime/7.29.2"

info: ::1 - - [13/Dec/2022:13:43:44 +0000] "POST /api/v1/employees HTTP/1.1" 201 296 "-" "PostmanRuntime/7.29.2"

info: ::1 - - [13/Dec/2022:13:44:42 +0000] "POST /api/v1/employees/login HTTP/1.1" 201 294 "-" "PostmanRuntime/7.29.2"

info: ::1 - - [13/Dec/2022:14:23:19 +0000] "POST /api/v1/employees/login HTTP/1.1" 201 60 "-" "PostmanRuntime/7.29.2"

info: ::1 - - [13/Dec/2022:14:23:26 +0000] "POST /api/v1/employees/login HTTP/1.1" 201 61 "-" "PostmanRuntime/7.29.2"

info: ::1 - - [13/Dec/2022:14:23:38 +0000] "POST /api/v1/employees/login HTTP/1.1" 201 60 "-" "PostmanRuntime/7.29.2"

info: ::1 - - [13/Dec/2022:14:24:47 +0000] "POST /api/v1/employees/login HTTP/1.1" 201 250 "-" "PostmanRuntime/7.29.2"

info: ::1 - - [13/Dec/2022:14:24:54 +0000] "POST /api/v1/employees/login HTTP/1.1" 400 48 "-" "PostmanRuntime/7.29.2"

info: ::1 - - [13/Dec/2022:14:25:02 +0000] "POST /api/v1/employees/login HTTP/1.1" 201 250 "-" "PostmanRuntime/7.29.2"

info: ::1 - - [13/Dec/2022:14:25:10 +0000] "POST /api/v1/employees/login HTTP/1.1" 400 64 "-" "PostmanRuntime/7.29.2"

info: ::1 - - [13/Dec/2022:14:25:19 +0000] "POST /api/v1/employees/login HTTP/1.1" 201 250 "-" "PostmanRuntime/7.29.2"

info: ::1 - - [13/Dec/2022:14:38:13 +0000] "POST /api/v1/employees/login HTTP/1.1" 201 250 "-" "PostmanRuntime/7.29.2"

info: ::1 - - [13/Dec/2022:14:38:30 +0000] "POST /api/v1/employees/login HTTP/1.1" 400 64 "-" "PostmanRuntime/7.29.2"

info: ::1 - - [13/Dec/2022:14:38:38 +0000] "POST /api/v1/employees/login HTTP/1.1" 201 250 "-" "PostmanRuntime/7.29.2"

info: ::1 - - [13/Dec/2022:14:54:50 +0000] "POST /api/v1/employees HTTP/1.1" 201 286 "-" "PostmanRuntime/7.29.2"

info: ::1 - - [13/Dec/2022:14:55:11 +0000] "POST /api/v1/employees/login HTTP/1.1" 400 48 "-" "PostmanRuntime/7.29.2"

info: ::1 - - [13/Dec/2022:14:55:32 +0000] "POST /api/v1/employees/login HTTP/1.1" 400 48 "-" "PostmanRuntime/7.29.2"

info: ::1 - - [13/Dec/2022:15:00:09 +0000] "POST /api/v1/employees/login HTTP/1.1" 201 250 "-" "PostmanRuntime/7.29.2"

info: ::1 - - [13/Dec/2022:15:00:53 +0000] "POST /api/v1/employees/login HTTP/1.1" 201 61 "-" "PostmanRuntime/7.29.2"

info: ::1 - - [13/Dec/2022:15:01:24 +0000] "POST /api/v1/employees/login HTTP/1.1" 201 60 "-" "PostmanRuntime/7.29.2"

info: ::1 - - [13/Dec/2022:15:01:47 +0000] "POST /api/v1/employees/login HTTP/1.1" 201 61 "-" "PostmanRuntime/7.29.2"

info: ::1 - - [13/Dec/2022:15:02:44 +0000] "POST /api/v1/employees/login HTTP/1.1" 201 294 "-" "PostmanRuntime/7.29.2"

info: ::1 - - [13/Dec/2022:15:45:16 +0000] "POST /api/v1/employees/login HTTP/1.1" 201 294 "-" "PostmanRuntime/7.29.2"

