info: Server started at http://localhost:4000/api/v1/ {"timestamp":"2022-12-14T18:40:38.489Z"}
info: Connected to the database. {"timestamp":"2022-12-14T18:40:38.690Z"}
info: Server started at http://localhost:4000/api/v1/ {"timestamp":"2022-12-14T18:44:00.253Z"}
info: Connected to the database. {"timestamp":"2022-12-14T18:44:00.464Z"}
info: Server started at http://localhost:4000/api/v1/ {"timestamp":"2022-12-14T18:44:03.892Z"}
info: Connected to the database. {"timestamp":"2022-12-14T18:44:03.963Z"}
info: Server started at http://localhost:4000/api/v1/ {"timestamp":"2022-12-14T18:44:08.278Z"}
info: Connected to the database. {"timestamp":"2022-12-14T18:44:08.347Z"}
info: Server started at http://localhost:4000/api/v1/ {"timestamp":"2022-12-14T18:44:22.651Z"}
info: Connected to the database. {"timestamp":"2022-12-14T18:44:22.725Z"}
info: Server started at http://localhost:4000/api/v1/ {"timestamp":"2022-12-14T18:44:39.950Z"}
info: Connected to the database. {"timestamp":"2022-12-14T18:44:40.026Z"}
info: Server started at http://localhost:4000/api/v1/ {"timestamp":"2022-12-14T18:44:52.306Z"}
info: Connected to the database. {"timestamp":"2022-12-14T18:44:52.380Z"}
info: Server started at http://localhost:4000/api/v1/ {"timestamp":"2022-12-14T18:45:12.159Z"}
info: Connected to the database. {"timestamp":"2022-12-14T18:45:12.247Z"}
info: Server started at http://localhost:4000/api/v1/ {"timestamp":"2022-12-14T18:45:35.704Z"}
info: Connected to the database. {"timestamp":"2022-12-14T18:45:35.774Z"}
info: Server started at http://localhost:4000/api/v1/ {"timestamp":"2022-12-14T18:45:46.007Z"}
info: Connected to the database. {"timestamp":"2022-12-14T18:45:46.088Z"}
info: Server started at http://localhost:4000/api/v1/ {"timestamp":"2022-12-15T03:02:28.663Z"}
info: Connected to the database. {"timestamp":"2022-12-15T03:02:28.898Z"}
info: Server started at http://localhost:4000/api/v1/ {"timestamp":"2022-12-15T03:07:22.412Z"}
info: Connected to the database. {"timestamp":"2022-12-15T03:07:22.463Z"}
info: Server started at http://localhost:4000/api/v1/ {"timestamp":"2022-12-15T03:07:24.892Z"}
info: Connected to the database. {"timestamp":"2022-12-15T03:07:24.950Z"}
info: Server started at http://localhost:4000/api/v1/ {"timestamp":"2022-12-15T03:07:43.326Z"}
info: Connected to the database. {"timestamp":"2022-12-15T03:07:43.380Z"}
info: Server started at http://localhost:4000/api/v1/ {"timestamp":"2022-12-15T03:07:47.445Z"}
info: Connected to the database. {"timestamp":"2022-12-15T03:07:47.506Z"}
info: Server started at http://localhost:4000/api/v1/ {"timestamp":"2022-12-15T03:07:56.793Z"}
info: Connected to the database. {"timestamp":"2022-12-15T03:07:56.852Z"}
info: Server started at http://localhost:4000/api/v1/ {"timestamp":"2022-12-15T03:08:12.743Z"}
info: Connected to the database. {"timestamp":"2022-12-15T03:08:12.796Z"}
info: Server started at http://localhost:4000/api/v1/ {"timestamp":"2022-12-15T03:08:34.936Z"}
info: Connected to the database. {"timestamp":"2022-12-15T03:08:34.990Z"}
info: Server started at http://localhost:4000/api/v1/ {"timestamp":"2022-12-15T03:08:40.525Z"}
info: Connected to the database. {"timestamp":"2022-12-15T03:08:40.581Z"}
info: Server started at http://localhost:4000/api/v1/ {"timestamp":"2022-12-15T03:09:02.410Z"}
info: Connected to the database. {"timestamp":"2022-12-15T03:09:02.476Z"}
info: Server started at http://localhost:4000/api/v1/ {"timestamp":"2022-12-15T03:09:51.630Z"}
info: Connected to the database. {"timestamp":"2022-12-15T03:09:51.700Z"}
info: Server started at http://localhost:4000/api/v1/ {"timestamp":"2022-12-15T03:24:45.306Z"}
info: Connected to the database. {"timestamp":"2022-12-15T03:24:45.364Z"}
info: Server started at http://localhost:4000/api/v1/ {"timestamp":"2022-12-15T03:24:54.495Z"}
info: Connected to the database. {"timestamp":"2022-12-15T03:24:54.548Z"}
info: Server started at http://localhost:4000/api/v1/ {"timestamp":"2022-12-15T03:25:07.715Z"}
info: Connected to the database. {"timestamp":"2022-12-15T03:25:07.765Z"}
info: Server started at http://localhost:4000/api/v1/ {"timestamp":"2022-12-15T03:25:11.593Z"}
info: Connected to the database. {"timestamp":"2022-12-15T03:25:11.654Z"}
info: Server started at http://localhost:4000/api/v1/ {"timestamp":"2022-12-15T03:25:28.548Z"}
info: Connected to the database. {"timestamp":"2022-12-15T03:25:28.600Z"}
info: Server started at http://localhost:4000/api/v1/ {"timestamp":"2022-12-15T03:25:39.665Z"}
info: Server started at http://localhost:4000/api/v1/ {"timestamp":"2022-12-15T03:25:41.586Z"}
info: Connected to the database. {"timestamp":"2022-12-15T03:25:41.651Z"}
info: Server started at http://localhost:4000/api/v1/ {"timestamp":"2022-12-15T03:28:50.754Z"}
info: Connected to the database. {"timestamp":"2022-12-15T03:28:50.801Z"}
info: Server started at http://localhost:4000/api/v1/ {"timestamp":"2022-12-15T03:28:56.771Z"}
info: Connected to the database. {"timestamp":"2022-12-15T03:28:56.827Z"}
info: Server started at http://localhost:4000/api/v1/ {"timestamp":"2022-12-15T03:28:58.814Z"}
info: Connected to the database. {"timestamp":"2022-12-15T03:28:58.866Z"}
info: Server started at http://localhost:4000/api/v1/ {"timestamp":"2022-12-15T03:29:02.967Z"}
info: Connected to the database. {"timestamp":"2022-12-15T03:29:03.018Z"}
info: Server started at http://localhost:4000/api/v1/ {"timestamp":"2022-12-15T03:29:05.431Z"}
info: Connected to the database. {"timestamp":"2022-12-15T03:29:05.492Z"}
info: Server started at http://localhost:4000/api/v1/ {"timestamp":"2022-12-15T03:29:09.912Z"}
info: Connected to the database. {"timestamp":"2022-12-15T03:29:09.957Z"}
info: Server started at http://localhost:4000/api/v1/ {"timestamp":"2022-12-15T03:29:12.327Z"}
info: Connected to the database. {"timestamp":"2022-12-15T03:29:12.380Z"}
info: Server started at http://localhost:4000/api/v1/ {"timestamp":"2022-12-15T03:29:59.970Z"}
info: Connected to the database. {"timestamp":"2022-12-15T03:30:00.041Z"}
info: Server started at http://localhost:4000/api/v1/ {"timestamp":"2022-12-15T03:30:03.462Z"}
info: Connected to the database. {"timestamp":"2022-12-15T03:30:03.513Z"}
info: Server started at http://localhost:4000/api/v1/ {"timestamp":"2022-12-15T03:30:08.130Z"}
info: Connected to the database. {"timestamp":"2022-12-15T03:30:08.179Z"}
info: Server started at http://localhost:4000/api/v1/ {"timestamp":"2022-12-15T03:30:10.310Z"}
info: Connected to the database. {"timestamp":"2022-12-15T03:30:10.363Z"}
info: Server started at http://localhost:4000/api/v1/ {"timestamp":"2022-12-15T03:44:53.220Z"}
info: Connected to the database. {"timestamp":"2022-12-15T03:44:53.421Z"}
info: Server started at http://localhost:4000/api/v1/ {"timestamp":"2022-12-15T06:39:14.125Z"}
info: Connected to the database. {"timestamp":"2022-12-15T06:39:14.216Z"}
info: Server started at http://localhost:4000/api/v1/ {"timestamp":"2022-12-15T06:40:00.368Z"}
info: Connected to the database. {"timestamp":"2022-12-15T06:40:00.467Z"}
info: Server started at http://localhost:4000/api/v1/ {"timestamp":"2022-12-15T06:48:33.060Z"}
info: Connected to the database. {"timestamp":"2022-12-15T06:48:33.141Z"}
info: Server started at http://localhost:4000/api/v1/ {"timestamp":"2022-12-15T06:48:36.845Z"}
info: Connected to the database. {"timestamp":"2022-12-15T06:48:36.921Z"}
info: Server started at http://localhost:4000/api/v1/ {"timestamp":"2022-12-15T06:48:43.285Z"}
info: Connected to the database. {"timestamp":"2022-12-15T06:48:43.342Z"}
info: Server started at http://localhost:4000/api/v1/ {"timestamp":"2022-12-15T06:48:51.403Z"}
info: Connected to the database. {"timestamp":"2022-12-15T06:48:51.493Z"}
info: Server started at http://localhost:4000/api/v1/ {"timestamp":"2022-12-15T06:48:59.555Z"}
info: Connected to the database. {"timestamp":"2022-12-15T06:48:59.630Z"}
info: Server started at http://localhost:4000/api/v1/ {"timestamp":"2022-12-15T06:49:09.420Z"}
info: Connected to the database. {"timestamp":"2022-12-15T06:49:09.530Z"}
info: Server started at http://localhost:4000/api/v1/ {"timestamp":"2022-12-15T06:49:15.285Z"}
info: Connected to the database. {"timestamp":"2022-12-15T06:49:15.375Z"}
info: Server started at http://localhost:4000/api/v1/ {"timestamp":"2022-12-15T06:49:22.197Z"}
info: Connected to the database. {"timestamp":"2022-12-15T06:49:22.252Z"}
info: Server started at http://localhost:4000/api/v1/ {"timestamp":"2022-12-15T06:49:31.864Z"}
info: Connected to the database. {"timestamp":"2022-12-15T06:49:31.951Z"}
info: Server started at http://localhost:4000/api/v1/ {"timestamp":"2022-12-15T06:49:38.163Z"}
info: Connected to the database. {"timestamp":"2022-12-15T06:49:38.241Z"}
info: Server started at http://localhost:4000/api/v1/ {"timestamp":"2022-12-15T06:49:46.416Z"}
info: Connected to the database. {"timestamp":"2022-12-15T06:49:46.498Z"}
info: Server started at http://localhost:4000/api/v1/ {"timestamp":"2022-12-15T06:49:50.844Z"}
info: Connected to the database. {"timestamp":"2022-12-15T06:49:50.937Z"}
info: Server started at http://localhost:4000/api/v1/ {"timestamp":"2022-12-15T06:51:00.057Z"}
info: Connected to the database. {"timestamp":"2022-12-15T06:51:00.143Z"}
info: Server started at http://localhost:4000/api/v1/ {"timestamp":"2022-12-15T06:51:23.679Z"}
info: Connected to the database. {"timestamp":"2022-12-15T06:51:23.760Z"}
info: Server started at http://localhost:4000/api/v1/ {"timestamp":"2022-12-15T06:51:44.241Z"}
info: Connected to the database. {"timestamp":"2022-12-15T06:51:44.310Z"}
info: Server started at http://localhost:4000/api/v1/ {"timestamp":"2022-12-15T06:51:52.687Z"}
info: Connected to the database. {"timestamp":"2022-12-15T06:51:52.779Z"}
info: Server started at http://localhost:4000/api/v1/ {"timestamp":"2022-12-15T06:52:01.167Z"}
info: Connected to the database. {"timestamp":"2022-12-15T06:52:01.237Z"}
info: Server started at http://localhost:4000/api/v1/ {"timestamp":"2022-12-15T06:52:41.139Z"}
info: Connected to the database. {"timestamp":"2022-12-15T06:52:41.211Z"}
info: Server started at http://localhost:4000/api/v1/ {"timestamp":"2022-12-15T06:52:50.562Z"}
info: Connected to the database. {"timestamp":"2022-12-15T06:52:50.625Z"}
info: Server started at http://localhost:4000/api/v1/ {"timestamp":"2022-12-15T06:53:56.384Z"}
info: Connected to the database. {"timestamp":"2022-12-15T06:53:56.461Z"}
info: Server started at http://localhost:4000/api/v1/ {"timestamp":"2022-12-15T06:54:14.920Z"}
info: Connected to the database. {"timestamp":"2022-12-15T06:54:14.999Z"}
info: Server started at http://localhost:4000/api/v1/ {"timestamp":"2022-12-15T06:54:17.283Z"}
info: Connected to the database. {"timestamp":"2022-12-15T06:54:17.360Z"}
info: Server started at http://localhost:4000/api/v1/ {"timestamp":"2022-12-15T06:54:20.137Z"}
info: Connected to the database. {"timestamp":"2022-12-15T06:54:20.191Z"}
info: Server started at http://localhost:4000/api/v1/ {"timestamp":"2022-12-15T06:54:24.933Z"}
info: Connected to the database. {"timestamp":"2022-12-15T06:54:25.011Z"}
info: Server started at http://localhost:4000/api/v1/ {"timestamp":"2022-12-15T06:54:41.878Z"}
info: Connected to the database. {"timestamp":"2022-12-15T06:54:41.958Z"}
info: Server started at http://localhost:4000/api/v1/ {"timestamp":"2022-12-15T06:54:49.684Z"}
info: Connected to the database. {"timestamp":"2022-12-15T06:54:49.739Z"}
info: Server started at http://localhost:4000/api/v1/ {"timestamp":"2022-12-15T10:52:22.543Z"}
info: Connected to the database. {"timestamp":"2022-12-15T10:52:22.841Z"}
info: Server started at http://localhost:4000/api/v1/ {"timestamp":"2022-12-15T10:59:45.513Z"}
info: Connected to the database. {"timestamp":"2022-12-15T10:59:45.584Z"}
info: Server started at http://localhost:4000/api/v1/ {"timestamp":"2022-12-15T10:59:55.997Z"}
info: Connected to the database. {"timestamp":"2022-12-15T10:59:56.088Z"}
info: Server started at http://localhost:4000/api/v1/ {"timestamp":"2022-12-15T11:00:04.454Z"}
info: Connected to the database. {"timestamp":"2022-12-15T11:00:04.554Z"}
info: Server started at http://localhost:4000/api/v1/ {"timestamp":"2022-12-15T11:00:09.599Z"}
info: Connected to the database. {"timestamp":"2022-12-15T11:00:09.683Z"}
info: Server started at http://localhost:4000/api/v1/ {"timestamp":"2022-12-15T11:00:12.608Z"}
info: Connected to the database. {"timestamp":"2022-12-15T11:00:12.688Z"}
info: Server started at http://localhost:4000/api/v1/ {"timestamp":"2022-12-15T11:01:53.508Z"}
info: Connected to the database. {"timestamp":"2022-12-15T11:01:53.567Z"}
info: Server started at http://localhost:4000/api/v1/ {"timestamp":"2022-12-15T11:02:07.257Z"}
info: Connected to the database. {"timestamp":"2022-12-15T11:02:07.345Z"}
info: Server started at http://localhost:4000/api/v1/ {"timestamp":"2022-12-15T11:02:24.457Z"}
info: Connected to the database. {"timestamp":"2022-12-15T11:02:24.522Z"}
info: Server started at http://localhost:4000/api/v1/ {"timestamp":"2022-12-15T12:05:37.151Z"}
info: Connected to the database. {"timestamp":"2022-12-15T12:05:37.359Z"}
info: Server started at http://localhost:4000/api/v1/ {"timestamp":"2022-12-15T12:05:42.488Z"}
info: Connected to the database. {"timestamp":"2022-12-15T12:05:42.545Z"}
info: Server started at http://localhost:4000/api/v1/ {"timestamp":"2022-12-15T12:05:48.214Z"}
info: Connected to the database. {"timestamp":"2022-12-15T12:05:48.288Z"}
info: Server started at http://localhost:4000/api/v1/ {"timestamp":"2022-12-15T12:05:54.339Z"}
info: Connected to the database. {"timestamp":"2022-12-15T12:05:54.414Z"}
info: Server started at http://localhost:4000/api/v1/ {"timestamp":"2022-12-15T12:05:59.509Z"}
info: Connected to the database. {"timestamp":"2022-12-15T12:05:59.597Z"}
info: Server started at http://localhost:4000/api/v1/ {"timestamp":"2022-12-15T12:06:02.589Z"}
info: Connected to the database. {"timestamp":"2022-12-15T12:06:02.662Z"}
info: Server started at http://localhost:4000/api/v1/ {"timestamp":"2022-12-15T12:06:55.234Z"}
info: Connected to the database. {"timestamp":"2022-12-15T12:06:55.293Z"}
info: Server started at http://localhost:4000/api/v1/ {"timestamp":"2022-12-15T12:07:48.846Z"}
info: Connected to the database. {"timestamp":"2022-12-15T12:07:48.944Z"}
info: Server started at http://localhost:4000/api/v1/ {"timestamp":"2022-12-15T12:07:58.965Z"}
info: Server started at http://localhost:4000/api/v1/ {"timestamp":"2022-12-15T12:08:01.446Z"}
info: Connected to the database. {"timestamp":"2022-12-15T12:08:01.532Z"}
info: Connected to the database. {"timestamp":"2022-12-15T12:08:12.906Z"}
info: Server started at http://localhost:4000/api/v1/ {"timestamp":"2022-12-15T12:08:21.454Z"}
info: Connected to the database. {"timestamp":"2022-12-15T12:08:21.569Z"}
info: Server started at http://localhost:4000/api/v1/ {"timestamp":"2022-12-15T12:19:43.023Z"}
info: Connected to the database. {"timestamp":"2022-12-15T12:19:43.147Z"}
info: Server started at http://localhost:4000/api/v1/ {"timestamp":"2022-12-15T12:19:51.033Z"}
info: Connected to the database. {"timestamp":"2022-12-15T12:19:51.128Z"}
info: Server started at http://localhost:4000/api/v1/ {"timestamp":"2022-12-15T12:19:57.833Z"}
info: Connected to the database. {"timestamp":"2022-12-15T12:19:57.937Z"}
info: Server started at http://localhost:4000/api/v1/ {"timestamp":"2022-12-15T12:20:04.692Z"}
info: Connected to the database. {"timestamp":"2022-12-15T12:20:04.761Z"}
info: Server started at http://localhost:4000/api/v1/ {"timestamp":"2022-12-15T12:20:11.454Z"}
info: Connected to the database. {"timestamp":"2022-12-15T12:20:11.527Z"}
info: Connected to the database. {"timestamp":"2022-12-15T12:20:18.418Z"}
info: Connected to the database. {"timestamp":"2022-12-15T12:20:26.310Z"}
info: Connected to the database. {"timestamp":"2022-12-15T12:20:31.338Z"}
info: Server started at http://localhost:4000/api/v1/ {"timestamp":"2022-12-15T12:20:33.967Z"}
info: Connected to the database. {"timestamp":"2022-12-15T12:20:34.046Z"}
info: Server started at http://localhost:4000/api/v1/ {"timestamp":"2022-12-15T12:21:07.586Z"}
info: Connected to the database. {"timestamp":"2022-12-15T12:21:07.642Z"}
info: Server started at http://localhost:4000/api/v1/ {"timestamp":"2022-12-15T12:21:31.053Z"}
info: Connected to the database. {"timestamp":"2022-12-15T12:21:31.110Z"}
info: Server started at http://localhost:4000/api/v1/ {"timestamp":"2022-12-15T12:21:37.067Z"}
info: Server started at http://localhost:4000/api/v1/ {"timestamp":"2022-12-15T12:21:39.370Z"}
info: Connected to the database. {"timestamp":"2022-12-15T12:21:39.434Z"}
info: Server started at http://localhost:4000/api/v1/ {"timestamp":"2022-12-15T12:21:51.568Z"}
info: Connected to the database. {"timestamp":"2022-12-15T12:21:51.632Z"}
info: Server started at http://localhost:4000/api/v1/ {"timestamp":"2022-12-15T12:22:02.785Z"}
info: Connected to the database. {"timestamp":"2022-12-15T12:22:02.849Z"}
info: Server started at http://localhost:4000/api/v1/ {"timestamp":"2022-12-15T12:22:12.813Z"}
info: Connected to the database. {"timestamp":"2022-12-15T12:22:12.871Z"}
info: Server started at http://localhost:4000/api/v1/ {"timestamp":"2022-12-15T12:22:18.813Z"}
info: Connected to the database. {"timestamp":"2022-12-15T12:22:18.868Z"}
info: Server started at http://localhost:4000/api/v1/ {"timestamp":"2022-12-15T12:22:23.745Z"}
info: Connected to the database. {"timestamp":"2022-12-15T12:22:23.819Z"}
info: Server started at http://localhost:4000/api/v1/ {"timestamp":"2022-12-15T12:22:32.228Z"}
info: Connected to the database. {"timestamp":"2022-12-15T12:22:32.288Z"}
info: Server started at http://localhost:4000/api/v1/ {"timestamp":"2022-12-15T12:22:40.532Z"}
info: Connected to the database. {"timestamp":"2022-12-15T12:22:40.590Z"}
info: Server started at http://localhost:4000/api/v1/ {"timestamp":"2022-12-15T12:22:47.093Z"}
info: Connected to the database. {"timestamp":"2022-12-15T12:22:47.192Z"}
info: Server started at http://localhost:4000/api/v1/ {"timestamp":"2022-12-15T12:22:55.737Z"}
info: Connected to the database. {"timestamp":"2022-12-15T12:22:55.789Z"}
info: Server started at http://localhost:4000/api/v1/ {"timestamp":"2022-12-15T12:22:59.320Z"}
info: Connected to the database. {"timestamp":"2022-12-15T12:22:59.375Z"}
info: Server started at http://localhost:4000/api/v1/ {"timestamp":"2022-12-15T12:23:06.052Z"}
info: Connected to the database. {"timestamp":"2022-12-15T12:23:06.101Z"}
info: Server started at http://localhost:4000/api/v1/ {"timestamp":"2022-12-15T12:23:10.130Z"}
info: Connected to the database. {"timestamp":"2022-12-15T12:23:10.189Z"}
info: Server started at http://localhost:4000/api/v1/ {"timestamp":"2022-12-15T12:23:18.394Z"}
info: Connected to the database. {"timestamp":"2022-12-15T12:23:18.450Z"}
info: Server started at http://localhost:4000/api/v1/ {"timestamp":"2022-12-15T12:23:24.371Z"}
info: Connected to the database. {"timestamp":"2022-12-15T12:23:24.420Z"}
info: Server started at http://localhost:4000/api/v1/ {"timestamp":"2022-12-15T12:23:37.149Z"}
info: Connected to the database. {"timestamp":"2022-12-15T12:23:37.203Z"}
info: Server started at http://localhost:4000/api/v1/ {"timestamp":"2022-12-15T12:23:50.049Z"}
info: Connected to the database. {"timestamp":"2022-12-15T12:23:50.117Z"}
info: Server started at http://localhost:4000/api/v1/ {"timestamp":"2022-12-15T12:23:56.410Z"}
info: Connected to the database. {"timestamp":"2022-12-15T12:23:56.471Z"}
info: Server started at http://localhost:4000/api/v1/ {"timestamp":"2022-12-15T12:24:00.087Z"}
info: Connected to the database. {"timestamp":"2022-12-15T12:24:00.143Z"}
info: Server started at http://localhost:4000/api/v1/ {"timestamp":"2022-12-15T12:24:17.965Z"}
info: Connected to the database. {"timestamp":"2022-12-15T12:24:18.025Z"}
info: Server started at http://localhost:4000/api/v1/ {"timestamp":"2022-12-15T12:24:27.553Z"}
info: Connected to the database. {"timestamp":"2022-12-15T12:24:27.635Z"}
info: Server started at http://localhost:4000/api/v1/ {"timestamp":"2022-12-15T12:24:37.421Z"}
info: Connected to the database. {"timestamp":"2022-12-15T12:24:37.472Z"}
info: Server started at http://localhost:4000/api/v1/ {"timestamp":"2022-12-15T12:25:07.511Z"}
info: Connected to the database. {"timestamp":"2022-12-15T12:25:07.581Z"}
info: Server started at http://localhost:4000/api/v1/ {"timestamp":"2022-12-15T12:25:15.539Z"}
info: Connected to the database. {"timestamp":"2022-12-15T12:25:15.594Z"}
info: Server started at http://localhost:4000/api/v1/ {"timestamp":"2022-12-15T12:25:21.231Z"}
info: Connected to the database. {"timestamp":"2022-12-15T12:25:21.296Z"}
info: Server started at http://localhost:4000/api/v1/ {"timestamp":"2022-12-15T12:25:28.559Z"}
info: Connected to the database. {"timestamp":"2022-12-15T12:25:28.614Z"}
info: Server started at http://localhost:4000/api/v1/ {"timestamp":"2022-12-15T12:25:31.244Z"}
info: Connected to the database. {"timestamp":"2022-12-15T12:25:31.299Z"}
info: Server started at http://localhost:4000/api/v1/ {"timestamp":"2022-12-15T12:25:44.089Z"}
info: Connected to the database. {"timestamp":"2022-12-15T12:25:44.147Z"}
info: Server started at http://localhost:4000/api/v1/ {"timestamp":"2022-12-15T12:25:47.638Z"}
info: Connected to the database. {"timestamp":"2022-12-15T12:25:47.691Z"}
info: Server started at http://localhost:4000/api/v1/ {"timestamp":"2022-12-15T12:25:52.884Z"}
info: Connected to the database. {"timestamp":"2022-12-15T12:25:52.950Z"}
info: Server started at http://localhost:4000/api/v1/ {"timestamp":"2022-12-15T12:26:04.319Z"}
info: Connected to the database. {"timestamp":"2022-12-15T12:26:04.397Z"}
info: Server started at http://localhost:4000/api/v1/ {"timestamp":"2022-12-15T12:26:18.137Z"}
info: Connected to the database. {"timestamp":"2022-12-15T12:26:18.202Z"}
info: Server started at http://localhost:4000/api/v1/ {"timestamp":"2022-12-15T12:26:21.009Z"}
info: Connected to the database. {"timestamp":"2022-12-15T12:26:21.065Z"}
info: Server started at http://localhost:4000/api/v1/ {"timestamp":"2022-12-15T12:26:24.639Z"}
info: Connected to the database. {"timestamp":"2022-12-15T12:26:24.706Z"}
info: Server started at http://localhost:4000/api/v1/ {"timestamp":"2022-12-15T12:26:28.537Z"}
info: Connected to the database. {"timestamp":"2022-12-15T12:26:28.587Z"}
info: Server started at http://localhost:4000/api/v1/ {"timestamp":"2022-12-15T12:26:32.598Z"}
info: Connected to the database. {"timestamp":"2022-12-15T12:26:32.654Z"}
info: Server started at http://localhost:4000/api/v1/ {"timestamp":"2022-12-15T12:26:49.862Z"}
info: Connected to the database. {"timestamp":"2022-12-15T12:26:49.940Z"}
info: Server started at http://localhost:4000/api/v1/ {"timestamp":"2022-12-15T12:27:02.606Z"}
info: Connected to the database. {"timestamp":"2022-12-15T12:27:02.658Z"}
info: Server started at http://localhost:4000/api/v1/ {"timestamp":"2022-12-15T12:27:20.451Z"}
info: Connected to the database. {"timestamp":"2022-12-15T12:27:20.507Z"}
info: Server started at http://localhost:4000/api/v1/ {"timestamp":"2022-12-15T12:27:27.315Z"}
info: Connected to the database. {"timestamp":"2022-12-15T12:27:27.379Z"}
info: Server started at http://localhost:4000/api/v1/ {"timestamp":"2022-12-15T12:27:35.990Z"}
info: Connected to the database. {"timestamp":"2022-12-15T12:27:36.056Z"}
info: Server started at http://localhost:4000/api/v1/ {"timestamp":"2022-12-15T12:27:41.274Z"}
info: Connected to the database. {"timestamp":"2022-12-15T12:27:41.329Z"}
info: Server started at http://localhost:4000/api/v1/ {"timestamp":"2022-12-15T12:27:48.121Z"}
info: Connected to the database. {"timestamp":"2022-12-15T12:27:48.181Z"}
info: Server started at http://localhost:4000/api/v1/ {"timestamp":"2022-12-15T12:27:52.822Z"}
info: Connected to the database. {"timestamp":"2022-12-15T12:27:52.873Z"}
info: Server started at http://localhost:4000/api/v1/ {"timestamp":"2022-12-15T12:27:58.913Z"}
info: Connected to the database. {"timestamp":"2022-12-15T12:27:58.966Z"}
info: Server started at http://localhost:4000/api/v1/ {"timestamp":"2022-12-15T12:28:05.259Z"}
info: Connected to the database. {"timestamp":"2022-12-15T12:28:05.332Z"}
info: Server started at http://localhost:4000/api/v1/ {"timestamp":"2022-12-15T12:28:09.721Z"}
info: Connected to the database. {"timestamp":"2022-12-15T12:28:09.783Z"}
info: Server started at http://localhost:4000/api/v1/ {"timestamp":"2022-12-15T12:28:20.302Z"}
info: Connected to the database. {"timestamp":"2022-12-15T12:28:20.358Z"}
info: Server started at http://localhost:4000/api/v1/ {"timestamp":"2022-12-15T12:28:24.166Z"}
info: Connected to the database. {"timestamp":"2022-12-15T12:28:24.218Z"}
info: Server started at http://localhost:4000/api/v1/ {"timestamp":"2022-12-15T12:28:31.056Z"}
info: Connected to the database. {"timestamp":"2022-12-15T12:28:31.105Z"}
info: Server started at http://localhost:4000/api/v1/ {"timestamp":"2022-12-15T12:28:38.948Z"}
info: Connected to the database. {"timestamp":"2022-12-15T12:28:39.014Z"}
info: Server started at http://localhost:4000/api/v1/ {"timestamp":"2022-12-15T12:28:43.925Z"}
info: Connected to the database. {"timestamp":"2022-12-15T12:28:43.980Z"}
info: Server started at http://localhost:4000/api/v1/ {"timestamp":"2022-12-15T12:28:52.218Z"}
info: Connected to the database. {"timestamp":"2022-12-15T12:28:52.294Z"}
info: Server started at http://localhost:4000/api/v1/ {"timestamp":"2022-12-15T12:28:58.116Z"}
info: Connected to the database. {"timestamp":"2022-12-15T12:28:58.162Z"}
info: Server started at http://localhost:4000/api/v1/ {"timestamp":"2022-12-15T12:29:12.354Z"}
info: Connected to the database. {"timestamp":"2022-12-15T12:29:12.408Z"}
info: Server started at http://localhost:4000/api/v1/ {"timestamp":"2022-12-15T12:29:53.289Z"}
info: Connected to the database. {"timestamp":"2022-12-15T12:29:53.413Z"}
info: Server started at http://localhost:4000/api/v1/ {"timestamp":"2022-12-15T12:30:06.859Z"}
info: Connected to the database. {"timestamp":"2022-12-15T12:30:06.940Z"}
info: Server started at http://localhost:4000/api/v1/ {"timestamp":"2022-12-15T12:30:15.197Z"}
info: Connected to the database. {"timestamp":"2022-12-15T12:30:15.266Z"}
info: Server started at http://localhost:4000/api/v1/ {"timestamp":"2022-12-15T12:30:21.829Z"}
info: Connected to the database. {"timestamp":"2022-12-15T12:30:21.910Z"}
info: Server started at http://localhost:4000/api/v1/ {"timestamp":"2022-12-15T12:30:32.368Z"}
info: Connected to the database. {"timestamp":"2022-12-15T12:30:32.444Z"}
info: Server started at http://localhost:4000/api/v1/ {"timestamp":"2022-12-15T12:30:35.413Z"}
info: Connected to the database. {"timestamp":"2022-12-15T12:30:35.476Z"}
info: Server started at http://localhost:4000/api/v1/ {"timestamp":"2022-12-15T12:30:48.363Z"}
info: Connected to the database. {"timestamp":"2022-12-15T12:30:48.426Z"}
info: Server started at http://localhost:4000/api/v1/ {"timestamp":"2022-12-15T12:30:56.411Z"}
info: Connected to the database. {"timestamp":"2022-12-15T12:30:56.506Z"}
info: Server started at http://localhost:4000/api/v1/ {"timestamp":"2022-12-15T12:31:06.986Z"}
info: Connected to the database. {"timestamp":"2022-12-15T12:31:07.062Z"}
info: Connected to the database. {"timestamp":"2022-12-15T12:31:19.788Z"}
info: Connected to the database. {"timestamp":"2022-12-15T12:31:22.519Z"}
info: Connected to the database. {"timestamp":"2022-12-15T12:31:25.311Z"}
info: Connected to the database. {"timestamp":"2022-12-15T12:31:29.598Z"}
info: Connected to the database. {"timestamp":"2022-12-15T12:31:35.745Z"}
info: Connected to the database. {"timestamp":"2022-12-15T12:31:40.251Z"}
info: Connected to the database. {"timestamp":"2022-12-15T12:32:12.989Z"}
info: Server started at http://localhost:4000/api/v1/ {"timestamp":"2022-12-15T12:32:48.217Z"}
info: Connected to the database. {"timestamp":"2022-12-15T12:32:48.281Z"}
info: Server started at http://localhost:4000/api/v1/ {"timestamp":"2022-12-15T12:33:02.643Z"}
info: Connected to the database. {"timestamp":"2022-12-15T12:33:02.739Z"}
info: Server started at http://localhost:4000/api/v1/ {"timestamp":"2022-12-15T12:33:05.980Z"}
info: Connected to the database. {"timestamp":"2022-12-15T12:33:06.048Z"}
info: Server started at http://localhost:4000/api/v1/ {"timestamp":"2022-12-15T12:33:10.609Z"}
info: Connected to the database. {"timestamp":"2022-12-15T12:33:10.676Z"}
info: Connected to the database. {"timestamp":"2022-12-15T12:33:16.954Z"}
info: Server started at http://localhost:4000/api/v1/ {"timestamp":"2022-12-15T12:33:26.290Z"}
info: Connected to the database. {"timestamp":"2022-12-15T12:33:26.385Z"}
info: Server started at http://localhost:4000/api/v1/ {"timestamp":"2022-12-15T12:33:32.597Z"}
info: Connected to the database. {"timestamp":"2022-12-15T12:33:32.690Z"}
info: Connected to the database. {"timestamp":"2022-12-15T12:33:42.186Z"}
info: Connected to the database. {"timestamp":"2022-12-15T12:34:08.954Z"}
info: Connected to the database. {"timestamp":"2022-12-15T12:34:22.975Z"}
info: Connected to the database. {"timestamp":"2022-12-15T12:34:32.249Z"}
info: Connected to the database. {"timestamp":"2022-12-15T12:34:35.922Z"}
info: Connected to the database. {"timestamp":"2022-12-15T12:34:45.655Z"}
info: Connected to the database. {"timestamp":"2022-12-15T12:34:54.211Z"}
info: Connected to the database. {"timestamp":"2022-12-15T12:34:58.399Z"}
info: Connected to the database. {"timestamp":"2022-12-15T12:35:04.430Z"}
info: Connected to the database. {"timestamp":"2022-12-15T12:35:10.668Z"}
info: Connected to the database. {"timestamp":"2022-12-15T12:35:21.166Z"}
info: Connected to the database. {"timestamp":"2022-12-15T12:35:33.144Z"}
info: Connected to the database. {"timestamp":"2022-12-15T12:35:45.181Z"}
info: Connected to the database. {"timestamp":"2022-12-15T12:36:22.611Z"}
info: Connected to the database. {"timestamp":"2022-12-15T12:36:31.798Z"}
info: Connected to the database. {"timestamp":"2022-12-15T12:36:38.752Z"}
info: Connected to the database. {"timestamp":"2022-12-15T12:36:45.517Z"}
info: Connected to the database. {"timestamp":"2022-12-15T12:37:00.076Z"}
info: Connected to the database. {"timestamp":"2022-12-15T12:37:14.442Z"}
info: Connected to the database. {"timestamp":"2022-12-15T12:37:19.318Z"}
info: Connected to the database. {"timestamp":"2022-12-15T12:37:39.093Z"}
info: Server started at http://localhost:4000/api/v1/ {"timestamp":"2022-12-15T12:37:47.305Z"}
info: Connected to the database. {"timestamp":"2022-12-15T12:37:47.386Z"}
info: Server started at http://localhost:4000/api/v1/ {"timestamp":"2022-12-15T12:42:18.716Z"}
info: Connected to the database. {"timestamp":"2022-12-15T12:42:18.807Z"}
info: Server started at http://localhost:4000/api/v1/ {"timestamp":"2022-12-15T12:42:29.893Z"}
info: Connected to the database. {"timestamp":"2022-12-15T12:42:29.968Z"}
info: Server started at http://localhost:4000/api/v1/ {"timestamp":"2022-12-15T12:43:04.652Z"}
info: Connected to the database. {"timestamp":"2022-12-15T12:43:04.740Z"}
info: Server started at http://localhost:4000/api/v1/ {"timestamp":"2022-12-15T12:43:09.121Z"}
info: Connected to the database. {"timestamp":"2022-12-15T12:43:09.221Z"}
info: Server started at http://localhost:4000/api/v1/ {"timestamp":"2022-12-15T12:44:27.573Z"}
info: Connected to the database. {"timestamp":"2022-12-15T12:44:27.668Z"}
error: 
    status - 500 
    message - ValidationError: "firstName" is required 
    url - /api/v1/employees 
    method - POST 
    IP - ::1
   {"timestamp":"2022-12-15T12:49:00.517Z"}
error: 
    status - 500 
    message - ValidationError: "firstName" is required 
    url - /api/v1/employees 
    method - POST 
    IP - ::1
   {"timestamp":"2022-12-15T12:50:10.065Z"}
info: Connected to the database. {"timestamp":"2022-12-15T12:54:27.503Z"}
info: Connected to the database. {"timestamp":"2022-12-15T12:54:41.290Z"}
info: Connected to the database. {"timestamp":"2022-12-15T12:54:50.781Z"}
info: Connected to the database. {"timestamp":"2022-12-15T12:54:55.077Z"}
info: Connected to the database. {"timestamp":"2022-12-15T12:57:51.561Z"}
info: Connected to the database. {"timestamp":"2022-12-15T12:57:57.380Z"}
info: Connected to the database. {"timestamp":"2022-12-15T12:58:22.658Z"}
info: Connected to the database. {"timestamp":"2022-12-15T12:58:28.820Z"}
info: Connected to the database. {"timestamp":"2022-12-15T12:59:12.014Z"}
info: Server started at http://localhost:4000/api/v1/ {"timestamp":"2022-12-15T12:59:16.572Z"}
info: Connected to the database. {"timestamp":"2022-12-15T12:59:16.652Z"}
