info: Server started at http://localhost:4000/api/v1/ {"timestamp":"2022-12-21T05:39:06.693Z"}
info: Connected to the database. {"timestamp":"2022-12-21T05:39:07.025Z"}
info: Server started at http://localhost:4000/api/v1/ {"timestamp":"2022-12-21T05:39:47.574Z"}
info: Connected to the database. {"timestamp":"2022-12-21T05:39:47.669Z"}
info: Server started at http://localhost:4000/api/v1/ {"timestamp":"2022-12-21T05:39:51.599Z"}
info: Connected to the database. {"timestamp":"2022-12-21T05:39:51.676Z"}
info: Connected to the database. {"timestamp":"2022-12-21T05:42:12.862Z"}
info: Server started at http://localhost:4000/api/v1/ {"timestamp":"2022-12-21T05:42:23.127Z"}
info: Connected to the database. {"timestamp":"2022-12-21T05:42:23.193Z"}
info: Server started at http://localhost:4000/api/v1/ {"timestamp":"2022-12-21T05:42:32.215Z"}
info: Connected to the database. {"timestamp":"2022-12-21T05:42:32.288Z"}
info: Server started at http://localhost:4000/api/v1/ {"timestamp":"2022-12-21T05:42:37.027Z"}
info: Connected to the database. {"timestamp":"2022-12-21T05:42:37.101Z"}
info: Server started at http://localhost:4000/api/v1/ {"timestamp":"2022-12-21T05:42:47.735Z"}
info: Connected to the database. {"timestamp":"2022-12-21T05:42:47.805Z"}
info: Server started at http://localhost:4000/api/v1/ {"timestamp":"2022-12-21T05:42:55.375Z"}
info: Connected to the database. {"timestamp":"2022-12-21T05:42:55.479Z"}
info: Server started at http://localhost:4000/api/v1/ {"timestamp":"2022-12-21T05:43:04.391Z"}
info: Connected to the database. {"timestamp":"2022-12-21T05:43:04.461Z"}
info: Server started at http://localhost:4000/api/v1/ {"timestamp":"2022-12-21T05:43:08.410Z"}
info: Connected to the database. {"timestamp":"2022-12-21T05:43:08.482Z"}
info: Connected to the database. {"timestamp":"2022-12-21T05:43:25.201Z"}
info: Server started at http://localhost:4000/api/v1/ {"timestamp":"2022-12-21T05:43:40.399Z"}
info: Connected to the database. {"timestamp":"2022-12-21T05:43:40.464Z"}
info: Connected to the database. {"timestamp":"2022-12-21T05:43:46.114Z"}
info: Server started at http://localhost:4000/api/v1/ {"timestamp":"2022-12-21T05:43:51.229Z"}
info: Connected to the database. {"timestamp":"2022-12-21T05:43:51.293Z"}
info: Server started at http://localhost:4000/api/v1/ {"timestamp":"2022-12-21T05:43:58.938Z"}
info: Connected to the database. {"timestamp":"2022-12-21T05:43:59.026Z"}
info: Server started at http://localhost:4000/api/v1/ {"timestamp":"2022-12-21T05:44:07.178Z"}
info: Connected to the database. {"timestamp":"2022-12-21T05:44:07.252Z"}
info: Connected to the database. {"timestamp":"2022-12-21T05:44:24.250Z"}
info: Server started at http://localhost:4000/api/v1/ {"timestamp":"2022-12-21T05:44:30.976Z"}
info: Connected to the database. {"timestamp":"2022-12-21T05:44:31.095Z"}
info: Server started at http://localhost:4000/api/v1/ {"timestamp":"2022-12-21T05:45:08.207Z"}
info: Connected to the database. {"timestamp":"2022-12-21T05:45:08.304Z"}
info: Server started at http://localhost:4000/api/v1/ {"timestamp":"2022-12-21T05:45:18.924Z"}
info: Connected to the database. {"timestamp":"2022-12-21T05:45:18.986Z"}
info: Server started at http://localhost:4000/api/v1/ {"timestamp":"2022-12-21T05:45:22.084Z"}
info: Connected to the database. {"timestamp":"2022-12-21T05:45:22.171Z"}
info: Server started at http://localhost:4000/api/v1/ {"timestamp":"2022-12-21T05:50:25.889Z"}
info: Connected to the database. {"timestamp":"2022-12-21T05:50:25.960Z"}
info: Server started at http://localhost:4000/api/v1/ {"timestamp":"2022-12-21T05:50:30.558Z"}
info: Connected to the database. {"timestamp":"2022-12-21T05:50:30.650Z"}
info: Server started at http://localhost:4000/api/v1/ {"timestamp":"2022-12-21T05:51:12.006Z"}
info: Connected to the database. {"timestamp":"2022-12-21T05:51:12.081Z"}
info: Server started at http://localhost:4000/api/v1/ {"timestamp":"2022-12-21T05:51:35.331Z"}
info: Connected to the database. {"timestamp":"2022-12-21T05:51:35.407Z"}
info: Server started at http://localhost:4000/api/v1/ {"timestamp":"2022-12-21T05:51:44.845Z"}
info: Connected to the database. {"timestamp":"2022-12-21T05:51:44.912Z"}
info: Server started at http://localhost:4000/api/v1/ {"timestamp":"2022-12-21T05:51:51.328Z"}
info: Connected to the database. {"timestamp":"2022-12-21T05:51:51.406Z"}
info: Server started at http://localhost:4000/api/v1/ {"timestamp":"2022-12-21T05:51:56.977Z"}
info: Connected to the database. {"timestamp":"2022-12-21T05:51:57.043Z"}
info: Server started at http://localhost:4000/api/v1/ {"timestamp":"2022-12-21T05:52:06.818Z"}
info: Connected to the database. {"timestamp":"2022-12-21T05:52:06.879Z"}
info: Server started at http://localhost:4000/api/v1/ {"timestamp":"2022-12-21T05:52:11.003Z"}
info: Connected to the database. {"timestamp":"2022-12-21T05:52:11.095Z"}
info: Connected to the database. {"timestamp":"2022-12-21T05:52:22.390Z"}
info: Connected to the database. {"timestamp":"2022-12-21T05:52:27.141Z"}
info: Connected to the database. {"timestamp":"2022-12-21T05:52:29.633Z"}
info: Connected to the database. {"timestamp":"2022-12-21T05:52:41.854Z"}
info: Server started at http://localhost:4000/api/v1/ {"timestamp":"2022-12-21T05:52:45.539Z"}
info: Connected to the database. {"timestamp":"2022-12-21T05:52:45.648Z"}
info: Server started at http://localhost:4000/api/v1/ {"timestamp":"2022-12-21T05:53:00.443Z"}
info: Connected to the database. {"timestamp":"2022-12-21T05:53:00.515Z"}
info: Connected to the database. {"timestamp":"2022-12-21T05:53:05.844Z"}
info: Connected to the database. {"timestamp":"2022-12-21T05:53:10.128Z"}
info: Server started at http://localhost:4000/api/v1/ {"timestamp":"2022-12-21T05:53:21.602Z"}
info: Connected to the database. {"timestamp":"2022-12-21T05:53:21.671Z"}
info: Server started at http://localhost:4000/api/v1/ {"timestamp":"2022-12-21T05:53:29.917Z"}
info: Connected to the database. {"timestamp":"2022-12-21T05:53:29.990Z"}
info: Server started at http://localhost:4000/api/v1/ {"timestamp":"2022-12-21T05:53:37.412Z"}
info: Connected to the database. {"timestamp":"2022-12-21T05:53:37.480Z"}
info: Server started at http://localhost:4000/api/v1/ {"timestamp":"2022-12-21T05:53:41.982Z"}
info: Connected to the database. {"timestamp":"2022-12-21T05:53:42.059Z"}
info: Server started at http://localhost:4000/api/v1/ {"timestamp":"2022-12-21T05:53:48.968Z"}
info: Connected to the database. {"timestamp":"2022-12-21T05:53:49.047Z"}
info: Server started at http://localhost:4000/api/v1/ {"timestamp":"2022-12-21T05:53:51.307Z"}
info: Connected to the database. {"timestamp":"2022-12-21T05:53:51.367Z"}
info: Server started at http://localhost:4000/api/v1/ {"timestamp":"2022-12-21T05:53:59.378Z"}
info: Connected to the database. {"timestamp":"2022-12-21T05:53:59.454Z"}
info: Server started at http://localhost:4000/api/v1/ {"timestamp":"2022-12-21T05:54:04.120Z"}
info: Connected to the database. {"timestamp":"2022-12-21T05:54:04.240Z"}
info: Server started at http://localhost:4000/api/v1/ {"timestamp":"2022-12-21T05:54:11.205Z"}
info: Connected to the database. {"timestamp":"2022-12-21T05:54:11.275Z"}
info: Server started at http://localhost:4000/api/v1/ {"timestamp":"2022-12-21T05:54:15.290Z"}
info: Connected to the database. {"timestamp":"2022-12-21T05:54:15.356Z"}
info: Server started at http://localhost:4000/api/v1/ {"timestamp":"2022-12-21T05:54:22.948Z"}
info: Connected to the database. {"timestamp":"2022-12-21T05:54:23.007Z"}
info: Server started at http://localhost:4000/api/v1/ {"timestamp":"2022-12-21T05:54:36.891Z"}
info: Connected to the database. {"timestamp":"2022-12-21T05:54:36.964Z"}
info: Server started at http://localhost:4000/api/v1/ {"timestamp":"2022-12-21T16:44:17.995Z"}
info: Connected to the database. {"timestamp":"2022-12-21T16:44:18.198Z"}
info: Server started at http://localhost:4000/api/v1/ {"timestamp":"2022-12-21T16:44:26.849Z"}
info: Connected to the database. {"timestamp":"2022-12-21T16:44:26.937Z"}
info: Server started at http://localhost:4000/api/v1/ {"timestamp":"2022-12-21T16:44:41.713Z"}
info: Connected to the database. {"timestamp":"2022-12-21T16:44:41.802Z"}
info: Server started at http://localhost:4000/api/v1/ {"timestamp":"2022-12-21T16:44:46.106Z"}
info: Connected to the database. {"timestamp":"2022-12-21T16:44:46.190Z"}
info: Server started at http://localhost:4000/api/v1/ {"timestamp":"2022-12-21T16:44:51.602Z"}
info: Connected to the database. {"timestamp":"2022-12-21T16:44:51.694Z"}
info: Server started at http://localhost:4000/api/v1/ {"timestamp":"2022-12-21T16:44:56.164Z"}
info: Connected to the database. {"timestamp":"2022-12-21T16:44:56.247Z"}
info: Server started at http://localhost:4000/api/v1/ {"timestamp":"2022-12-21T16:45:21.588Z"}
info: Connected to the database. {"timestamp":"2022-12-21T16:45:21.702Z"}
info: Server started at http://localhost:4000/api/v1/ {"timestamp":"2022-12-21T16:45:26.257Z"}
info: Connected to the database. {"timestamp":"2022-12-21T16:45:26.348Z"}
info: Server started at http://localhost:4000/api/v1/ {"timestamp":"2022-12-21T16:45:36.772Z"}
info: Connected to the database. {"timestamp":"2022-12-21T16:45:36.862Z"}
info: Server started at http://localhost:4000/api/v1/ {"timestamp":"2022-12-21T16:45:53.710Z"}
info: Connected to the database. {"timestamp":"2022-12-21T16:45:53.816Z"}
info: Server started at http://localhost:4000/api/v1/ {"timestamp":"2022-12-21T16:46:01.762Z"}
info: Connected to the database. {"timestamp":"2022-12-21T16:46:01.849Z"}
info: Server started at http://localhost:4000/api/v1/ {"timestamp":"2022-12-21T16:46:32.197Z"}
info: Connected to the database. {"timestamp":"2022-12-21T16:46:32.290Z"}
info: Server started at http://localhost:4000/api/v1/ {"timestamp":"2022-12-21T16:46:35.604Z"}
info: Connected to the database. {"timestamp":"2022-12-21T16:46:35.675Z"}
info: Server started at http://localhost:4000/api/v1/ {"timestamp":"2022-12-21T16:46:41.500Z"}
info: Connected to the database. {"timestamp":"2022-12-21T16:46:41.582Z"}
info: Server started at http://localhost:4000/api/v1/ {"timestamp":"2022-12-21T16:46:45.509Z"}
info: Connected to the database. {"timestamp":"2022-12-21T16:46:45.594Z"}
info: Server started at http://localhost:4000/api/v1/ {"timestamp":"2022-12-21T16:47:04.964Z"}
info: Connected to the database. {"timestamp":"2022-12-21T16:47:05.058Z"}
info: Connected to the database. {"timestamp":"2022-12-21T16:49:08.876Z"}
info: Server started at http://localhost:4000/api/v1/ {"timestamp":"2022-12-21T16:49:12.923Z"}
info: Connected to the database. {"timestamp":"2022-12-21T16:49:13.026Z"}
info: Server started at http://localhost:4000/api/v1/ {"timestamp":"2022-12-21T16:49:28.113Z"}
info: Connected to the database. {"timestamp":"2022-12-21T16:49:28.224Z"}
info: Connected to the database. {"timestamp":"2022-12-21T16:49:35.968Z"}
info: Server started at http://localhost:4000/api/v1/ {"timestamp":"2022-12-21T16:49:40.893Z"}
info: Connected to the database. {"timestamp":"2022-12-21T16:49:41.017Z"}
info: Connected to the database. {"timestamp":"2022-12-21T16:49:56.987Z"}
info: Server started at http://localhost:4000/api/v1/ {"timestamp":"2022-12-21T16:50:05.288Z"}
info: Connected to the database. {"timestamp":"2022-12-21T16:50:05.379Z"}
info: Server started at http://localhost:4000/api/v1/ {"timestamp":"2022-12-21T16:52:46.726Z"}
info: Connected to the database. {"timestamp":"2022-12-21T16:52:46.825Z"}
info: Server started at http://localhost:4000/api/v1/ {"timestamp":"2022-12-21T16:53:01.149Z"}
info: Connected to the database. {"timestamp":"2022-12-21T16:53:01.240Z"}
info: Connected to the database. {"timestamp":"2022-12-21T16:53:40.481Z"}
info: Server started at http://localhost:4000/api/v1/ {"timestamp":"2022-12-21T16:53:44.346Z"}
info: Connected to the database. {"timestamp":"2022-12-21T16:53:44.470Z"}
info: Server started at http://localhost:4000/api/v1/ {"timestamp":"2022-12-21T16:53:51.513Z"}
info: Connected to the database. {"timestamp":"2022-12-21T16:53:51.603Z"}
info: Connected to the database. {"timestamp":"2022-12-21T16:54:02.348Z"}
info: Server started at http://localhost:4000/api/v1/ {"timestamp":"2022-12-21T16:54:12.796Z"}
info: Connected to the database. {"timestamp":"2022-12-21T16:54:12.871Z"}
info: Server started at http://localhost:4000/api/v1/ {"timestamp":"2022-12-21T16:54:22.840Z"}
info: Connected to the database. {"timestamp":"2022-12-21T16:54:22.903Z"}
info: Server started at http://localhost:4000/api/v1/ {"timestamp":"2022-12-21T16:54:31.238Z"}
info: Connected to the database. {"timestamp":"2022-12-21T16:54:31.335Z"}
info: Server started at http://localhost:4000/api/v1/ {"timestamp":"2022-12-21T16:54:37.648Z"}
info: Server started at http://localhost:4000/api/v1/ {"timestamp":"2022-12-21T16:54:40.534Z"}
info: Connected to the database. {"timestamp":"2022-12-21T16:54:40.615Z"}
info: Server started at http://localhost:4000/api/v1/ {"timestamp":"2022-12-21T16:54:48.994Z"}
info: Connected to the database. {"timestamp":"2022-12-21T16:54:49.099Z"}
info: Server started at http://localhost:4000/api/v1/ {"timestamp":"2022-12-21T16:54:54.756Z"}
info: Connected to the database. {"timestamp":"2022-12-21T16:54:54.850Z"}
info: Server started at http://localhost:4000/api/v1/ {"timestamp":"2022-12-21T16:55:04.785Z"}
info: Connected to the database. {"timestamp":"2022-12-21T16:55:04.893Z"}
info: Server started at http://localhost:4000/api/v1/ {"timestamp":"2022-12-21T16:55:15.268Z"}
info: Connected to the database. {"timestamp":"2022-12-21T16:55:15.342Z"}
info: Server started at http://localhost:4000/api/v1/ {"timestamp":"2022-12-21T16:55:20.230Z"}
info: Connected to the database. {"timestamp":"2022-12-21T16:55:20.355Z"}
info: Server started at http://localhost:4000/api/v1/ {"timestamp":"2022-12-21T16:55:48.401Z"}
info: Connected to the database. {"timestamp":"2022-12-21T16:55:48.474Z"}
info: Server started at http://localhost:4000/api/v1/ {"timestamp":"2022-12-21T16:55:52.877Z"}
info: Connected to the database. {"timestamp":"2022-12-21T16:55:52.955Z"}
info: Connected to the database. {"timestamp":"2022-12-21T16:56:10.753Z"}
info: Server started at http://localhost:4000/api/v1/ {"timestamp":"2022-12-21T16:56:27.079Z"}
info: Connected to the database. {"timestamp":"2022-12-21T16:56:27.160Z"}
info: Server started at http://localhost:4000/api/v1/ {"timestamp":"2022-12-21T16:56:35.998Z"}
info: Connected to the database. {"timestamp":"2022-12-21T16:56:36.088Z"}
info: Server started at http://localhost:4000/api/v1/ {"timestamp":"2022-12-21T16:56:44.225Z"}
info: Connected to the database. {"timestamp":"2022-12-21T16:56:44.299Z"}
info: Server started at http://localhost:4000/api/v1/ {"timestamp":"2022-12-21T16:56:58.679Z"}
info: Connected to the database. {"timestamp":"2022-12-21T16:56:58.786Z"}
info: Server started at http://localhost:4000/api/v1/ {"timestamp":"2022-12-21T16:57:09.153Z"}
info: Connected to the database. {"timestamp":"2022-12-21T16:57:09.272Z"}
info: Connected to the database. {"timestamp":"2022-12-21T16:57:21.796Z"}
info: Server started at http://localhost:4000/api/v1/ {"timestamp":"2022-12-21T16:57:31.439Z"}
info: Connected to the database. {"timestamp":"2022-12-21T16:57:31.515Z"}
info: Server started at http://localhost:4000/api/v1/ {"timestamp":"2022-12-21T16:57:50.183Z"}
info: Connected to the database. {"timestamp":"2022-12-21T16:57:50.246Z"}
info: Server started at http://localhost:4000/api/v1/ {"timestamp":"2022-12-21T16:57:56.879Z"}
info: Connected to the database. {"timestamp":"2022-12-21T16:57:56.969Z"}
error: 
    status - 500 
    message - Error: Argument passed to findByPk is invalid: [object Object]
    at Function.findByPk (D:\MySQLProject\EmployeePayroll\node_modules\sequelize\src\model.js:1942:13)
    at _callee3$ (D:\MySQLProject\EmployeePayroll\src\services\/employee.service.js:18:33)
    at tryCatch (D:\MySQLProject\EmployeePayroll\node_modules\@babel\runtime\helpers\regeneratorRuntime.js:44:17)
    at Generator.<anonymous> (D:\MySQLProject\EmployeePayroll\node_modules\@babel\runtime\helpers\regeneratorRuntime.js:125:22)
    at Generator.next (D:\MySQLProject\EmployeePayroll\node_modules\@babel\runtime\helpers\regeneratorRuntime.js:69:21)
    at asyncGeneratorStep (D:\MySQLProject\EmployeePayroll\node_modules\@babel\runtime\helpers\asyncToGenerator.js:3:24)
    at _next (D:\MySQLProject\EmployeePayroll\node_modules\@babel\runtime\helpers\asyncToGenerator.js:22:9)
    at D:\MySQLProject\EmployeePayroll\node_modules\@babel\runtime\helpers\asyncToGenerator.js:27:7
    at new Promise (<anonymous>)
    at Object.<anonymous> (D:\MySQLProject\EmployeePayroll\node_modules\@babel\runtime\helpers\asyncToGenerator.js:19:12)
    at Object.getSingleEmployee (D:\MySQLProject\EmployeePayroll\src\services\/employee.service.js:17:31)
    at _callee3$ (D:\MySQLProject\EmployeePayroll\src\controllers\/employee.controller.js:56:45)
    at tryCatch (D:\MySQLProject\EmployeePayroll\node_modules\@babel\runtime\helpers\regeneratorRuntime.js:44:17)
    at Generator.<anonymous> (D:\MySQLProject\EmployeePayroll\node_modules\@babel\runtime\helpers\regeneratorRuntime.js:125:22)
    at Generator.next (D:\MySQLProject\EmployeePayroll\node_modules\@babel\runtime\helpers\regeneratorRuntime.js:69:21)
    at asyncGeneratorStep (D:\MySQLProject\EmployeePayroll\node_modules\@babel\runtime\helpers\asyncToGenerator.js:3:24)
    at _next (D:\MySQLProject\EmployeePayroll\node_modules\@babel\runtime\helpers\asyncToGenerator.js:22:9)
    at D:\MySQLProject\EmployeePayroll\node_modules\@babel\runtime\helpers\asyncToGenerator.js:27:7
    at new Promise (<anonymous>)
    at D:\MySQLProject\EmployeePayroll\node_modules\@babel\runtime\helpers\asyncToGenerator.js:19:12
    at getSingleEmployee (D:\MySQLProject\EmployeePayroll\src\controllers\/employee.controller.js:54:31)
    at Layer.handle [as handle_request] (D:\MySQLProject\EmployeePayroll\node_modules\express\lib\router\layer.js:95:5)
    at next (D:\MySQLProject\EmployeePayroll\node_modules\express\lib\router\route.js:144:13)
    at Route.dispatch (D:\MySQLProject\EmployeePayroll\node_modules\express\lib\router\route.js:114:3)
    at Layer.handle [as handle_request] (D:\MySQLProject\EmployeePayroll\node_modules\express\lib\router\layer.js:95:5)
    at D:\MySQLProject\EmployeePayroll\node_modules\express\lib\router\index.js:284:15
    at param (D:\MySQLProject\EmployeePayroll\node_modules\express\lib\router\index.js:365:14)
    at param (D:\MySQLProject\EmployeePayroll\node_modules\express\lib\router\index.js:376:14)
    at Function.process_params (D:\MySQLProject\EmployeePayroll\node_modules\express\lib\router\index.js:421:3)
    at next (D:\MySQLProject\EmployeePayroll\node_modules\express\lib\router\index.js:280:10)
    at Function.handle (D:\MySQLProject\EmployeePayroll\node_modules\express\lib\router\index.js:175:3)
    at router (D:\MySQLProject\EmployeePayroll\node_modules\express\lib\router\index.js:47:12)
    at Layer.handle [as handle_request] (D:\MySQLProject\EmployeePayroll\node_modules\express\lib\router\layer.js:95:5)
    at trim_prefix (D:\MySQLProject\EmployeePayroll\node_modules\express\lib\router\index.js:328:13)
    at D:\MySQLProject\EmployeePayroll\node_modules\express\lib\router\index.js:286:9
    at Function.process_params (D:\MySQLProject\EmployeePayroll\node_modules\express\lib\router\index.js:346:12)
    at next (D:\MySQLProject\EmployeePayroll\node_modules\express\lib\router\index.js:280:10)
    at Function.handle (D:\MySQLProject\EmployeePayroll\node_modules\express\lib\router\index.js:175:3)
    at router (D:\MySQLProject\EmployeePayroll\node_modules\express\lib\router\index.js:47:12)
    at Layer.handle [as handle_request] (D:\MySQLProject\EmployeePayroll\node_modules\express\lib\router\layer.js:95:5)
    at trim_prefix (D:\MySQLProject\EmployeePayroll\node_modules\express\lib\router\index.js:328:13)
    at D:\MySQLProject\EmployeePayroll\node_modules\express\lib\router\index.js:286:9
    at Function.process_params (D:\MySQLProject\EmployeePayroll\node_modules\express\lib\router\index.js:346:12)
    at next (D:\MySQLProject\EmployeePayroll\node_modules\express\lib\router\index.js:280:10)
    at logger (D:\MySQLProject\EmployeePayroll\node_modules\morgan\index.js:144:5)
    at Layer.handle [as handle_request] (D:\MySQLProject\EmployeePayroll\node_modules\express\lib\router\layer.js:95:5)
    at trim_prefix (D:\MySQLProject\EmployeePayroll\node_modules\express\lib\router\index.js:328:13)
    at D:\MySQLProject\EmployeePayroll\node_modules\express\lib\router\index.js:286:9
    at Function.process_params (D:\MySQLProject\EmployeePayroll\node_modules\express\lib\router\index.js:346:12)
    at next (D:\MySQLProject\EmployeePayroll\node_modules\express\lib\router\index.js:280:10) 
    url - /api/v1/employees/2 
    method - GET 
    IP - ::1
   {"timestamp":"2022-12-21T16:59:06.825Z"}
info: Server started at http://localhost:4000/api/v1/ {"timestamp":"2022-12-21T16:59:53.014Z"}
info: Connected to the database. {"timestamp":"2022-12-21T16:59:53.108Z"}
error: 
    status - 500 
    message - ReferenceError: id is not defined
    at _callee4$ (D:\MySQLProject\EmployeePayroll\src\services\/employee.service.js:24:55)
    at tryCatch (D:\MySQLProject\EmployeePayroll\node_modules\@babel\runtime\helpers\regeneratorRuntime.js:44:17)
    at Generator.<anonymous> (D:\MySQLProject\EmployeePayroll\node_modules\@babel\runtime\helpers\regeneratorRuntime.js:125:22)
    at Generator.next (D:\MySQLProject\EmployeePayroll\node_modules\@babel\runtime\helpers\regeneratorRuntime.js:69:21)
    at asyncGeneratorStep (D:\MySQLProject\EmployeePayroll\node_modules\@babel\runtime\helpers\asyncToGenerator.js:3:24)
    at _next (D:\MySQLProject\EmployeePayroll\node_modules\@babel\runtime\helpers\asyncToGenerator.js:22:9)
    at D:\MySQLProject\EmployeePayroll\node_modules\@babel\runtime\helpers\asyncToGenerator.js:27:7
    at new Promise (<anonymous>)
    at Object.<anonymous> (D:\MySQLProject\EmployeePayroll\node_modules\@babel\runtime\helpers\asyncToGenerator.js:19:12)
    at Object.updateEmployee (D:\MySQLProject\EmployeePayroll\src\services\/employee.service.js:23:28)
    at _callee4$ (D:\MySQLProject\EmployeePayroll\src\controllers\/employee.controller.js:75:45)
    at tryCatch (D:\MySQLProject\EmployeePayroll\node_modules\@babel\runtime\helpers\regeneratorRuntime.js:44:17)
    at Generator.<anonymous> (D:\MySQLProject\EmployeePayroll\node_modules\@babel\runtime\helpers\regeneratorRuntime.js:125:22)
    at Generator.next (D:\MySQLProject\EmployeePayroll\node_modules\@babel\runtime\helpers\regeneratorRuntime.js:69:21)
    at asyncGeneratorStep (D:\MySQLProject\EmployeePayroll\node_modules\@babel\runtime\helpers\asyncToGenerator.js:3:24)
    at _next (D:\MySQLProject\EmployeePayroll\node_modules\@babel\runtime\helpers\asyncToGenerator.js:22:9)
    at D:\MySQLProject\EmployeePayroll\node_modules\@babel\runtime\helpers\asyncToGenerator.js:27:7
    at new Promise (<anonymous>)
    at D:\MySQLProject\EmployeePayroll\node_modules\@babel\runtime\helpers\asyncToGenerator.js:19:12
    at updateEmployee (D:\MySQLProject\EmployeePayroll\src\controllers\/employee.controller.js:73:28)
    at Layer.handle [as handle_request] (D:\MySQLProject\EmployeePayroll\node_modules\express\lib\router\layer.js:95:5)
    at next (D:\MySQLProject\EmployeePayroll\node_modules\express\lib\router\route.js:144:13)
    at Route.dispatch (D:\MySQLProject\EmployeePayroll\node_modules\express\lib\router\route.js:114:3)
    at Layer.handle [as handle_request] (D:\MySQLProject\EmployeePayroll\node_modules\express\lib\router\layer.js:95:5)
    at D:\MySQLProject\EmployeePayroll\node_modules\express\lib\router\index.js:284:15
    at param (D:\MySQLProject\EmployeePayroll\node_modules\express\lib\router\index.js:365:14)
    at param (D:\MySQLProject\EmployeePayroll\node_modules\express\lib\router\index.js:376:14)
    at Function.process_params (D:\MySQLProject\EmployeePayroll\node_modules\express\lib\router\index.js:421:3)
    at next (D:\MySQLProject\EmployeePayroll\node_modules\express\lib\router\index.js:280:10)
    at Function.handle (D:\MySQLProject\EmployeePayroll\node_modules\express\lib\router\index.js:175:3)
    at router (D:\MySQLProject\EmployeePayroll\node_modules\express\lib\router\index.js:47:12)
    at Layer.handle [as handle_request] (D:\MySQLProject\EmployeePayroll\node_modules\express\lib\router\layer.js:95:5)
    at trim_prefix (D:\MySQLProject\EmployeePayroll\node_modules\express\lib\router\index.js:328:13)
    at D:\MySQLProject\EmployeePayroll\node_modules\express\lib\router\index.js:286:9
    at Function.process_params (D:\MySQLProject\EmployeePayroll\node_modules\express\lib\router\index.js:346:12)
    at next (D:\MySQLProject\EmployeePayroll\node_modules\express\lib\router\index.js:280:10)
    at Function.handle (D:\MySQLProject\EmployeePayroll\node_modules\express\lib\router\index.js:175:3)
    at router (D:\MySQLProject\EmployeePayroll\node_modules\express\lib\router\index.js:47:12)
    at Layer.handle [as handle_request] (D:\MySQLProject\EmployeePayroll\node_modules\express\lib\router\layer.js:95:5)
    at trim_prefix (D:\MySQLProject\EmployeePayroll\node_modules\express\lib\router\index.js:328:13)
    at D:\MySQLProject\EmployeePayroll\node_modules\express\lib\router\index.js:286:9
    at Function.process_params (D:\MySQLProject\EmployeePayroll\node_modules\express\lib\router\index.js:346:12)
    at next (D:\MySQLProject\EmployeePayroll\node_modules\express\lib\router\index.js:280:10)
    at logger (D:\MySQLProject\EmployeePayroll\node_modules\morgan\index.js:144:5)
    at Layer.handle [as handle_request] (D:\MySQLProject\EmployeePayroll\node_modules\express\lib\router\layer.js:95:5)
    at trim_prefix (D:\MySQLProject\EmployeePayroll\node_modules\express\lib\router\index.js:328:13)
    at D:\MySQLProject\EmployeePayroll\node_modules\express\lib\router\index.js:286:9
    at Function.process_params (D:\MySQLProject\EmployeePayroll\node_modules\express\lib\router\index.js:346:12)
    at next (D:\MySQLProject\EmployeePayroll\node_modules\express\lib\router\index.js:280:10)
    at D:\MySQLProject\EmployeePayroll\node_modules\body-parser\lib\read.js:137:5 
    url - /api/v1/employees/1 
    method - PUT 
    IP - ::1
   {"timestamp":"2022-12-21T17:00:43.722Z"}
info: Server started at http://localhost:4000/api/v1/ {"timestamp":"2022-12-21T17:01:16.711Z"}
info: Connected to the database. {"timestamp":"2022-12-21T17:01:16.800Z"}
error: 
    status - 500 
    message - AssertionError [ERR_ASSERTION]: Missing where attribute in the options parameter
    at Function._optionsMustContainWhere (D:\MySQLProject\EmployeePayroll\node_modules\sequelize\src\model.js:3497:5)
    at Function.update (D:\MySQLProject\EmployeePayroll\node_modules\sequelize\src\model.js:3131:10)
    at _callee4$ (D:\MySQLProject\EmployeePayroll\src\services\/employee.service.js:24:33)
    at tryCatch (D:\MySQLProject\EmployeePayroll\node_modules\@babel\runtime\helpers\regeneratorRuntime.js:44:17)
    at Generator.<anonymous> (D:\MySQLProject\EmployeePayroll\node_modules\@babel\runtime\helpers\regeneratorRuntime.js:125:22)
    at Generator.next (D:\MySQLProject\EmployeePayroll\node_modules\@babel\runtime\helpers\regeneratorRuntime.js:69:21)
    at asyncGeneratorStep (D:\MySQLProject\EmployeePayroll\node_modules\@babel\runtime\helpers\asyncToGenerator.js:3:24)
    at _next (D:\MySQLProject\EmployeePayroll\node_modules\@babel\runtime\helpers\asyncToGenerator.js:22:9)
    at D:\MySQLProject\EmployeePayroll\node_modules\@babel\runtime\helpers\asyncToGenerator.js:27:7
    at new Promise (<anonymous>)
    at Object.<anonymous> (D:\MySQLProject\EmployeePayroll\node_modules\@babel\runtime\helpers\asyncToGenerator.js:19:12)
    at Object.updateEmployee (D:\MySQLProject\EmployeePayroll\src\services\/employee.service.js:23:28)
    at _callee4$ (D:\MySQLProject\EmployeePayroll\src\controllers\/employee.controller.js:75:45)
    at tryCatch (D:\MySQLProject\EmployeePayroll\node_modules\@babel\runtime\helpers\regeneratorRuntime.js:44:17)
    at Generator.<anonymous> (D:\MySQLProject\EmployeePayroll\node_modules\@babel\runtime\helpers\regeneratorRuntime.js:125:22)
    at Generator.next (D:\MySQLProject\EmployeePayroll\node_modules\@babel\runtime\helpers\regeneratorRuntime.js:69:21)
    at asyncGeneratorStep (D:\MySQLProject\EmployeePayroll\node_modules\@babel\runtime\helpers\asyncToGenerator.js:3:24)
    at _next (D:\MySQLProject\EmployeePayroll\node_modules\@babel\runtime\helpers\asyncToGenerator.js:22:9)
    at D:\MySQLProject\EmployeePayroll\node_modules\@babel\runtime\helpers\asyncToGenerator.js:27:7
    at new Promise (<anonymous>)
    at D:\MySQLProject\EmployeePayroll\node_modules\@babel\runtime\helpers\asyncToGenerator.js:19:12
    at updateEmployee (D:\MySQLProject\EmployeePayroll\src\controllers\/employee.controller.js:73:28)
    at Layer.handle [as handle_request] (D:\MySQLProject\EmployeePayroll\node_modules\express\lib\router\layer.js:95:5)
    at next (D:\MySQLProject\EmployeePayroll\node_modules\express\lib\router\route.js:144:13)
    at Route.dispatch (D:\MySQLProject\EmployeePayroll\node_modules\express\lib\router\route.js:114:3)
    at Layer.handle [as handle_request] (D:\MySQLProject\EmployeePayroll\node_modules\express\lib\router\layer.js:95:5)
    at D:\MySQLProject\EmployeePayroll\node_modules\express\lib\router\index.js:284:15
    at param (D:\MySQLProject\EmployeePayroll\node_modules\express\lib\router\index.js:365:14)
    at param (D:\MySQLProject\EmployeePayroll\node_modules\express\lib\router\index.js:376:14)
    at Function.process_params (D:\MySQLProject\EmployeePayroll\node_modules\express\lib\router\index.js:421:3)
    at next (D:\MySQLProject\EmployeePayroll\node_modules\express\lib\router\index.js:280:10)
    at Function.handle (D:\MySQLProject\EmployeePayroll\node_modules\express\lib\router\index.js:175:3)
    at router (D:\MySQLProject\EmployeePayroll\node_modules\express\lib\router\index.js:47:12)
    at Layer.handle [as handle_request] (D:\MySQLProject\EmployeePayroll\node_modules\express\lib\router\layer.js:95:5)
    at trim_prefix (D:\MySQLProject\EmployeePayroll\node_modules\express\lib\router\index.js:328:13)
    at D:\MySQLProject\EmployeePayroll\node_modules\express\lib\router\index.js:286:9
    at Function.process_params (D:\MySQLProject\EmployeePayroll\node_modules\express\lib\router\index.js:346:12)
    at next (D:\MySQLProject\EmployeePayroll\node_modules\express\lib\router\index.js:280:10)
    at Function.handle (D:\MySQLProject\EmployeePayroll\node_modules\express\lib\router\index.js:175:3)
    at router (D:\MySQLProject\EmployeePayroll\node_modules\express\lib\router\index.js:47:12)
    at Layer.handle [as handle_request] (D:\MySQLProject\EmployeePayroll\node_modules\express\lib\router\layer.js:95:5)
    at trim_prefix (D:\MySQLProject\EmployeePayroll\node_modules\express\lib\router\index.js:328:13)
    at D:\MySQLProject\EmployeePayroll\node_modules\express\lib\router\index.js:286:9
    at Function.process_params (D:\MySQLProject\EmployeePayroll\node_modules\express\lib\router\index.js:346:12)
    at next (D:\MySQLProject\EmployeePayroll\node_modules\express\lib\router\index.js:280:10)
    at logger (D:\MySQLProject\EmployeePayroll\node_modules\morgan\index.js:144:5)
    at Layer.handle [as handle_request] (D:\MySQLProject\EmployeePayroll\node_modules\express\lib\router\layer.js:95:5)
    at trim_prefix (D:\MySQLProject\EmployeePayroll\node_modules\express\lib\router\index.js:328:13)
    at D:\MySQLProject\EmployeePayroll\node_modules\express\lib\router\index.js:286:9
    at Function.process_params (D:\MySQLProject\EmployeePayroll\node_modules\express\lib\router\index.js:346:12) 
    url - /api/v1/employees/1 
    method - PUT 
    IP - ::1
   {"timestamp":"2022-12-21T17:01:21.094Z"}
info: Server started at http://localhost:4000/api/v1/ {"timestamp":"2022-12-21T17:03:16.943Z"}
info: Connected to the database. {"timestamp":"2022-12-21T17:03:17.040Z"}
error: 
    status - 500 
    message - AssertionError [ERR_ASSERTION]: Missing where attribute in the options parameter
    at Function._optionsMustContainWhere (D:\MySQLProject\EmployeePayroll\node_modules\sequelize\src\model.js:3497:5)
    at Function.update (D:\MySQLProject\EmployeePayroll\node_modules\sequelize\src\model.js:3131:10)
    at _callee4$ (D:\MySQLProject\EmployeePayroll\src\services\/employee.service.js:24:33)
    at tryCatch (D:\MySQLProject\EmployeePayroll\node_modules\@babel\runtime\helpers\regeneratorRuntime.js:44:17)
    at Generator.<anonymous> (D:\MySQLProject\EmployeePayroll\node_modules\@babel\runtime\helpers\regeneratorRuntime.js:125:22)
    at Generator.next (D:\MySQLProject\EmployeePayroll\node_modules\@babel\runtime\helpers\regeneratorRuntime.js:69:21)
    at asyncGeneratorStep (D:\MySQLProject\EmployeePayroll\node_modules\@babel\runtime\helpers\asyncToGenerator.js:3:24)
    at _next (D:\MySQLProject\EmployeePayroll\node_modules\@babel\runtime\helpers\asyncToGenerator.js:22:9)
    at D:\MySQLProject\EmployeePayroll\node_modules\@babel\runtime\helpers\asyncToGenerator.js:27:7
    at new Promise (<anonymous>)
    at Object.<anonymous> (D:\MySQLProject\EmployeePayroll\node_modules\@babel\runtime\helpers\asyncToGenerator.js:19:12)
    at Object.updateEmployee (D:\MySQLProject\EmployeePayroll\src\services\/employee.service.js:23:28)
    at _callee4$ (D:\MySQLProject\EmployeePayroll\src\controllers\/employee.controller.js:75:45)
    at tryCatch (D:\MySQLProject\EmployeePayroll\node_modules\@babel\runtime\helpers\regeneratorRuntime.js:44:17)
    at Generator.<anonymous> (D:\MySQLProject\EmployeePayroll\node_modules\@babel\runtime\helpers\regeneratorRuntime.js:125:22)
    at Generator.next (D:\MySQLProject\EmployeePayroll\node_modules\@babel\runtime\helpers\regeneratorRuntime.js:69:21)
    at asyncGeneratorStep (D:\MySQLProject\EmployeePayroll\node_modules\@babel\runtime\helpers\asyncToGenerator.js:3:24)
    at _next (D:\MySQLProject\EmployeePayroll\node_modules\@babel\runtime\helpers\asyncToGenerator.js:22:9)
    at D:\MySQLProject\EmployeePayroll\node_modules\@babel\runtime\helpers\asyncToGenerator.js:27:7
    at new Promise (<anonymous>)
    at D:\MySQLProject\EmployeePayroll\node_modules\@babel\runtime\helpers\asyncToGenerator.js:19:12
    at updateEmployee (D:\MySQLProject\EmployeePayroll\src\controllers\/employee.controller.js:73:28)
    at Layer.handle [as handle_request] (D:\MySQLProject\EmployeePayroll\node_modules\express\lib\router\layer.js:95:5)
    at next (D:\MySQLProject\EmployeePayroll\node_modules\express\lib\router\route.js:144:13)
    at Route.dispatch (D:\MySQLProject\EmployeePayroll\node_modules\express\lib\router\route.js:114:3)
    at Layer.handle [as handle_request] (D:\MySQLProject\EmployeePayroll\node_modules\express\lib\router\layer.js:95:5)
    at D:\MySQLProject\EmployeePayroll\node_modules\express\lib\router\index.js:284:15
    at param (D:\MySQLProject\EmployeePayroll\node_modules\express\lib\router\index.js:365:14)
    at param (D:\MySQLProject\EmployeePayroll\node_modules\express\lib\router\index.js:376:14)
    at Function.process_params (D:\MySQLProject\EmployeePayroll\node_modules\express\lib\router\index.js:421:3)
    at next (D:\MySQLProject\EmployeePayroll\node_modules\express\lib\router\index.js:280:10)
    at Function.handle (D:\MySQLProject\EmployeePayroll\node_modules\express\lib\router\index.js:175:3)
    at router (D:\MySQLProject\EmployeePayroll\node_modules\express\lib\router\index.js:47:12)
    at Layer.handle [as handle_request] (D:\MySQLProject\EmployeePayroll\node_modules\express\lib\router\layer.js:95:5)
    at trim_prefix (D:\MySQLProject\EmployeePayroll\node_modules\express\lib\router\index.js:328:13)
    at D:\MySQLProject\EmployeePayroll\node_modules\express\lib\router\index.js:286:9
    at Function.process_params (D:\MySQLProject\EmployeePayroll\node_modules\express\lib\router\index.js:346:12)
    at next (D:\MySQLProject\EmployeePayroll\node_modules\express\lib\router\index.js:280:10)
    at Function.handle (D:\MySQLProject\EmployeePayroll\node_modules\express\lib\router\index.js:175:3)
    at router (D:\MySQLProject\EmployeePayroll\node_modules\express\lib\router\index.js:47:12)
    at Layer.handle [as handle_request] (D:\MySQLProject\EmployeePayroll\node_modules\express\lib\router\layer.js:95:5)
    at trim_prefix (D:\MySQLProject\EmployeePayroll\node_modules\express\lib\router\index.js:328:13)
    at D:\MySQLProject\EmployeePayroll\node_modules\express\lib\router\index.js:286:9
    at Function.process_params (D:\MySQLProject\EmployeePayroll\node_modules\express\lib\router\index.js:346:12)
    at next (D:\MySQLProject\EmployeePayroll\node_modules\express\lib\router\index.js:280:10)
    at logger (D:\MySQLProject\EmployeePayroll\node_modules\morgan\index.js:144:5)
    at Layer.handle [as handle_request] (D:\MySQLProject\EmployeePayroll\node_modules\express\lib\router\layer.js:95:5)
    at trim_prefix (D:\MySQLProject\EmployeePayroll\node_modules\express\lib\router\index.js:328:13)
    at D:\MySQLProject\EmployeePayroll\node_modules\express\lib\router\index.js:286:9
    at Function.process_params (D:\MySQLProject\EmployeePayroll\node_modules\express\lib\router\index.js:346:12) 
    url - /api/v1/employees/1 
    method - PUT 
    IP - ::1
   {"timestamp":"2022-12-21T17:03:49.541Z"}
info: Server started at http://localhost:4000/api/v1/ {"timestamp":"2022-12-21T17:15:55.457Z"}
info: Connected to the database. {"timestamp":"2022-12-21T17:15:55.657Z"}
info: Server started at http://localhost:4000/api/v1/ {"timestamp":"2022-12-21T17:19:05.777Z"}
info: Connected to the database. {"timestamp":"2022-12-21T17:19:06.008Z"}
info: Server started at http://localhost:4000/api/v1/ {"timestamp":"2022-12-21T17:19:30.902Z"}
info: Connected to the database. {"timestamp":"2022-12-21T17:19:31.032Z"}
info: Server started at http://localhost:4000/api/v1/ {"timestamp":"2022-12-21T17:19:34.928Z"}
info: Connected to the database. {"timestamp":"2022-12-21T17:19:34.999Z"}
info: Server started at http://localhost:4000/api/v1/ {"timestamp":"2022-12-21T17:19:37.684Z"}
info: Connected to the database. {"timestamp":"2022-12-21T17:19:37.747Z"}
info: Server started at http://localhost:4000/api/v1/ {"timestamp":"2022-12-21T17:19:45.522Z"}
info: Connected to the database. {"timestamp":"2022-12-21T17:19:45.621Z"}
info: Server started at http://localhost:4000/api/v1/ {"timestamp":"2022-12-21T17:19:50.474Z"}
info: Connected to the database. {"timestamp":"2022-12-21T17:19:50.546Z"}
info: Server started at http://localhost:4000/api/v1/ {"timestamp":"2022-12-21T17:20:08.253Z"}
info: Connected to the database. {"timestamp":"2022-12-21T17:20:08.379Z"}
info: Server started at http://localhost:4000/api/v1/ {"timestamp":"2022-12-21T17:20:18.190Z"}
info: Connected to the database. {"timestamp":"2022-12-21T17:20:18.278Z"}
info: Server started at http://localhost:4000/api/v1/ {"timestamp":"2022-12-21T17:20:22.691Z"}
info: Connected to the database. {"timestamp":"2022-12-21T17:20:22.821Z"}
