info: Server started at http://localhost:4000/api/v1/ {"timestamp":"2022-12-13T04:50:09.743Z"}
error: Could not connect to the database. Access denied for user 'HP'@'localhost' (using password: YES) {"name":"SequelizeAccessDeniedError","original":{"code":"ER_ACCESS_DENIED_ERROR","errno":1045,"sqlMessage":"Access denied for user 'HP'@'localhost' (using password: YES)","sqlState":"28000"},"parent":{"code":"ER_ACCESS_DENIED_ERROR","errno":1045,"sqlMessage":"Access denied for user 'HP'@'localhost' (using password: YES)","sqlState":"28000"},"stack":"SequelizeAccessDeniedError: Access denied for user 'HP'@'localhost' (using password: YES)\n    at ConnectionManager.connect (D:\\MySQLProject\\EmployeePayroll\\node_modules\\sequelize\\src\\dialects\\mysql\\connection-manager.js:118:17)\n    at processTicksAndRejections (node:internal/process/task_queues:95:5)\n    at ConnectionManager._connect (D:\\MySQLProject\\EmployeePayroll\\node_modules\\sequelize\\src\\dialects\\abstract\\connection-manager.js:326:24)\n    at D:\\MySQLProject\\EmployeePayroll\\node_modules\\sequelize\\src\\dialects\\abstract\\connection-manager.js:250:32","timestamp":"2022-12-13T04:50:10.003Z"}
info: Server started at http://localhost:4000/api/v1/ {"timestamp":"2022-12-13T04:52:11.385Z"}
error: Could not connect to the database. Access denied for user ''@'localhost' (using password: YES) {"name":"SequelizeAccessDeniedError","original":{"code":"ER_ACCESS_DENIED_ERROR","errno":1045,"sqlMessage":"Access denied for user ''@'localhost' (using password: YES)","sqlState":"28000"},"parent":{"code":"ER_ACCESS_DENIED_ERROR","errno":1045,"sqlMessage":"Access denied for user ''@'localhost' (using password: YES)","sqlState":"28000"},"stack":"SequelizeAccessDeniedError: Access denied for user ''@'localhost' (using password: YES)\n    at ConnectionManager.connect (D:\\MySQLProject\\EmployeePayroll\\node_modules\\sequelize\\src\\dialects\\mysql\\connection-manager.js:118:17)\n    at processTicksAndRejections (node:internal/process/task_queues:95:5)\n    at ConnectionManager._connect (D:\\MySQLProject\\EmployeePayroll\\node_modules\\sequelize\\src\\dialects\\abstract\\connection-manager.js:326:24)\n    at D:\\MySQLProject\\EmployeePayroll\\node_modules\\sequelize\\src\\dialects\\abstract\\connection-manager.js:250:32","timestamp":"2022-12-13T04:52:11.445Z"}
info: Server started at http://localhost:4000/api/v1/ {"timestamp":"2022-12-13T04:52:24.860Z"}
error: Could not connect to the database. Access denied for user ''@'localhost' (using password: YES) {"name":"SequelizeAccessDeniedError","original":{"code":"ER_ACCESS_DENIED_ERROR","errno":1045,"sqlMessage":"Access denied for user ''@'localhost' (using password: YES)","sqlState":"28000"},"parent":{"code":"ER_ACCESS_DENIED_ERROR","errno":1045,"sqlMessage":"Access denied for user ''@'localhost' (using password: YES)","sqlState":"28000"},"stack":"SequelizeAccessDeniedError: Access denied for user ''@'localhost' (using password: YES)\n    at ConnectionManager.connect (D:\\MySQLProject\\EmployeePayroll\\node_modules\\sequelize\\src\\dialects\\mysql\\connection-manager.js:118:17)\n    at processTicksAndRejections (node:internal/process/task_queues:95:5)\n    at ConnectionManager._connect (D:\\MySQLProject\\EmployeePayroll\\node_modules\\sequelize\\src\\dialects\\abstract\\connection-manager.js:326:24)\n    at D:\\MySQLProject\\EmployeePayroll\\node_modules\\sequelize\\src\\dialects\\abstract\\connection-manager.js:250:32","timestamp":"2022-12-13T04:52:24.924Z"}
info: Server started at http://localhost:4000/api/v1/ {"timestamp":"2022-12-13T04:52:46.095Z"}
error: Could not connect to the database. Access denied for user ''@'localhost' (using password: YES) {"name":"SequelizeAccessDeniedError","original":{"code":"ER_ACCESS_DENIED_ERROR","errno":1045,"sqlMessage":"Access denied for user ''@'localhost' (using password: YES)","sqlState":"28000"},"parent":{"code":"ER_ACCESS_DENIED_ERROR","errno":1045,"sqlMessage":"Access denied for user ''@'localhost' (using password: YES)","sqlState":"28000"},"stack":"SequelizeAccessDeniedError: Access denied for user ''@'localhost' (using password: YES)\n    at ConnectionManager.connect (D:\\MySQLProject\\EmployeePayroll\\node_modules\\sequelize\\src\\dialects\\mysql\\connection-manager.js:118:17)\n    at processTicksAndRejections (node:internal/process/task_queues:95:5)\n    at ConnectionManager._connect (D:\\MySQLProject\\EmployeePayroll\\node_modules\\sequelize\\src\\dialects\\abstract\\connection-manager.js:326:24)\n    at D:\\MySQLProject\\EmployeePayroll\\node_modules\\sequelize\\src\\dialects\\abstract\\connection-manager.js:250:32","timestamp":"2022-12-13T04:52:46.147Z"}
info: Server started at http://localhost:4000/api/v1/ {"timestamp":"2022-12-13T04:52:59.978Z"}
error: Could not connect to the database. Access denied for user ''@'localhost' (using password: YES) {"name":"SequelizeAccessDeniedError","original":{"code":"ER_ACCESS_DENIED_ERROR","errno":1045,"sqlMessage":"Access denied for user ''@'localhost' (using password: YES)","sqlState":"28000"},"parent":{"code":"ER_ACCESS_DENIED_ERROR","errno":1045,"sqlMessage":"Access denied for user ''@'localhost' (using password: YES)","sqlState":"28000"},"stack":"SequelizeAccessDeniedError: Access denied for user ''@'localhost' (using password: YES)\n    at ConnectionManager.connect (D:\\MySQLProject\\EmployeePayroll\\node_modules\\sequelize\\src\\dialects\\mysql\\connection-manager.js:118:17)\n    at processTicksAndRejections (node:internal/process/task_queues:95:5)\n    at ConnectionManager._connect (D:\\MySQLProject\\EmployeePayroll\\node_modules\\sequelize\\src\\dialects\\abstract\\connection-manager.js:326:24)\n    at D:\\MySQLProject\\EmployeePayroll\\node_modules\\sequelize\\src\\dialects\\abstract\\connection-manager.js:250:32","timestamp":"2022-12-13T04:53:00.025Z"}
info: Server started at http://localhost:4000/api/v1/ {"timestamp":"2022-12-13T04:53:05.530Z"}
error: Could not connect to the database. Access denied for user ''@'localhost' (using password: YES) {"name":"SequelizeAccessDeniedError","original":{"code":"ER_ACCESS_DENIED_ERROR","errno":1045,"sqlMessage":"Access denied for user ''@'localhost' (using password: YES)","sqlState":"28000"},"parent":{"code":"ER_ACCESS_DENIED_ERROR","errno":1045,"sqlMessage":"Access denied for user ''@'localhost' (using password: YES)","sqlState":"28000"},"stack":"SequelizeAccessDeniedError: Access denied for user ''@'localhost' (using password: YES)\n    at ConnectionManager.connect (D:\\MySQLProject\\EmployeePayroll\\node_modules\\sequelize\\src\\dialects\\mysql\\connection-manager.js:118:17)\n    at processTicksAndRejections (node:internal/process/task_queues:95:5)\n    at ConnectionManager._connect (D:\\MySQLProject\\EmployeePayroll\\node_modules\\sequelize\\src\\dialects\\abstract\\connection-manager.js:326:24)\n    at D:\\MySQLProject\\EmployeePayroll\\node_modules\\sequelize\\src\\dialects\\abstract\\connection-manager.js:250:32","timestamp":"2022-12-13T04:53:05.578Z"}
info: Server started at http://localhost:4000/api/v1/ {"timestamp":"2022-12-13T04:53:13.565Z"}
error: Could not connect to the database. Access denied for user ''@'localhost' (using password: YES) {"name":"SequelizeAccessDeniedError","original":{"code":"ER_ACCESS_DENIED_ERROR","errno":1045,"sqlMessage":"Access denied for user ''@'localhost' (using password: YES)","sqlState":"28000"},"parent":{"code":"ER_ACCESS_DENIED_ERROR","errno":1045,"sqlMessage":"Access denied for user ''@'localhost' (using password: YES)","sqlState":"28000"},"stack":"SequelizeAccessDeniedError: Access denied for user ''@'localhost' (using password: YES)\n    at ConnectionManager.connect (D:\\MySQLProject\\EmployeePayroll\\node_modules\\sequelize\\src\\dialects\\mysql\\connection-manager.js:118:17)\n    at processTicksAndRejections (node:internal/process/task_queues:95:5)\n    at ConnectionManager._connect (D:\\MySQLProject\\EmployeePayroll\\node_modules\\sequelize\\src\\dialects\\abstract\\connection-manager.js:326:24)\n    at D:\\MySQLProject\\EmployeePayroll\\node_modules\\sequelize\\src\\dialects\\abstract\\connection-manager.js:250:32","timestamp":"2022-12-13T04:53:13.636Z"}
info: Server started at http://localhost:4000/api/v1/ {"timestamp":"2022-12-13T04:55:07.552Z"}
error: Could not connect to the database. Access denied for user ''@'localhost' (using password: YES) {"name":"SequelizeAccessDeniedError","original":{"code":"ER_ACCESS_DENIED_ERROR","errno":1045,"sqlMessage":"Access denied for user ''@'localhost' (using password: YES)","sqlState":"28000"},"parent":{"code":"ER_ACCESS_DENIED_ERROR","errno":1045,"sqlMessage":"Access denied for user ''@'localhost' (using password: YES)","sqlState":"28000"},"stack":"SequelizeAccessDeniedError: Access denied for user ''@'localhost' (using password: YES)\n    at ConnectionManager.connect (D:\\MySQLProject\\EmployeePayroll\\node_modules\\sequelize\\src\\dialects\\mysql\\connection-manager.js:118:17)\n    at processTicksAndRejections (node:internal/process/task_queues:95:5)\n    at ConnectionManager._connect (D:\\MySQLProject\\EmployeePayroll\\node_modules\\sequelize\\src\\dialects\\abstract\\connection-manager.js:326:24)\n    at D:\\MySQLProject\\EmployeePayroll\\node_modules\\sequelize\\src\\dialects\\abstract\\connection-manager.js:250:32","timestamp":"2022-12-13T04:55:07.613Z"}
info: Server started at http://localhost:4000/api/v1/ {"timestamp":"2022-12-13T04:55:18.023Z"}
error: Could not connect to the database. Access denied for user ''@'localhost' (using password: YES) {"name":"SequelizeAccessDeniedError","original":{"code":"ER_ACCESS_DENIED_ERROR","errno":1045,"sqlMessage":"Access denied for user ''@'localhost' (using password: YES)","sqlState":"28000"},"parent":{"code":"ER_ACCESS_DENIED_ERROR","errno":1045,"sqlMessage":"Access denied for user ''@'localhost' (using password: YES)","sqlState":"28000"},"stack":"SequelizeAccessDeniedError: Access denied for user ''@'localhost' (using password: YES)\n    at ConnectionManager.connect (D:\\MySQLProject\\EmployeePayroll\\node_modules\\sequelize\\src\\dialects\\mysql\\connection-manager.js:118:17)\n    at processTicksAndRejections (node:internal/process/task_queues:95:5)\n    at ConnectionManager._connect (D:\\MySQLProject\\EmployeePayroll\\node_modules\\sequelize\\src\\dialects\\abstract\\connection-manager.js:326:24)\n    at D:\\MySQLProject\\EmployeePayroll\\node_modules\\sequelize\\src\\dialects\\abstract\\connection-manager.js:250:32","timestamp":"2022-12-13T04:55:18.076Z"}
info: Server started at http://localhost:4000/api/v1/ {"timestamp":"2022-12-13T04:58:21.620Z"}
error: Could not connect to the database. Access denied for user ''@'localhost' (using password: YES) {"name":"SequelizeAccessDeniedError","original":{"code":"ER_ACCESS_DENIED_ERROR","errno":1045,"sqlMessage":"Access denied for user ''@'localhost' (using password: YES)","sqlState":"28000"},"parent":{"code":"ER_ACCESS_DENIED_ERROR","errno":1045,"sqlMessage":"Access denied for user ''@'localhost' (using password: YES)","sqlState":"28000"},"stack":"SequelizeAccessDeniedError: Access denied for user ''@'localhost' (using password: YES)\n    at ConnectionManager.connect (D:\\MySQLProject\\EmployeePayroll\\node_modules\\sequelize\\src\\dialects\\mysql\\connection-manager.js:118:17)\n    at processTicksAndRejections (node:internal/process/task_queues:95:5)\n    at ConnectionManager._connect (D:\\MySQLProject\\EmployeePayroll\\node_modules\\sequelize\\src\\dialects\\abstract\\connection-manager.js:326:24)\n    at D:\\MySQLProject\\EmployeePayroll\\node_modules\\sequelize\\src\\dialects\\abstract\\connection-manager.js:250:32","timestamp":"2022-12-13T04:58:21.676Z"}
info: Server started at http://localhost:4000/api/v1/ {"timestamp":"2022-12-13T05:02:25.519Z"}
error: Could not connect to the database. Access denied for user ''@'localhost' (using password: YES) {"name":"SequelizeAccessDeniedError","original":{"code":"ER_ACCESS_DENIED_ERROR","errno":1045,"sqlMessage":"Access denied for user ''@'localhost' (using password: YES)","sqlState":"28000"},"parent":{"code":"ER_ACCESS_DENIED_ERROR","errno":1045,"sqlMessage":"Access denied for user ''@'localhost' (using password: YES)","sqlState":"28000"},"stack":"SequelizeAccessDeniedError: Access denied for user ''@'localhost' (using password: YES)\n    at ConnectionManager.connect (D:\\MySQLProject\\EmployeePayroll\\node_modules\\sequelize\\src\\dialects\\mysql\\connection-manager.js:118:17)\n    at processTicksAndRejections (node:internal/process/task_queues:95:5)\n    at ConnectionManager._connect (D:\\MySQLProject\\EmployeePayroll\\node_modules\\sequelize\\src\\dialects\\abstract\\connection-manager.js:326:24)\n    at D:\\MySQLProject\\EmployeePayroll\\node_modules\\sequelize\\src\\dialects\\abstract\\connection-manager.js:250:32","timestamp":"2022-12-13T05:02:25.569Z"}
info: Server started at http://localhost:4000/api/v1/ {"timestamp":"2022-12-13T05:18:07.191Z"}
info: Connected to the database. {"timestamp":"2022-12-13T05:18:07.439Z"}
info: Server started at http://localhost:4000/api/v1/ {"timestamp":"2022-12-13T08:43:08.409Z"}
info: Connected to the database. {"timestamp":"2022-12-13T08:43:08.724Z"}
info: Connected to the database. {"timestamp":"2022-12-13T08:43:23.821Z"}
info: Connected to the database. {"timestamp":"2022-12-13T08:43:31.514Z"}
info: Connected to the database. {"timestamp":"2022-12-13T08:43:39.910Z"}
info: Connected to the database. {"timestamp":"2022-12-13T08:43:58.074Z"}
info: Connected to the database. {"timestamp":"2022-12-13T08:44:04.311Z"}
info: Connected to the database. {"timestamp":"2022-12-13T08:44:23.146Z"}
info: Connected to the database. {"timestamp":"2022-12-13T08:44:31.323Z"}
info: Connected to the database. {"timestamp":"2022-12-13T08:44:37.527Z"}
info: Connected to the database. {"timestamp":"2022-12-13T08:44:45.415Z"}
info: Connected to the database. {"timestamp":"2022-12-13T08:44:50.105Z"}
info: Connected to the database. {"timestamp":"2022-12-13T08:45:05.022Z"}
info: Connected to the database. {"timestamp":"2022-12-13T08:45:35.051Z"}
info: Connected to the database. {"timestamp":"2022-12-13T08:46:10.984Z"}
info: Connected to the database. {"timestamp":"2022-12-13T08:46:18.982Z"}
info: Connected to the database. {"timestamp":"2022-12-13T08:47:55.967Z"}
info: Connected to the database. {"timestamp":"2022-12-13T08:47:58.769Z"}
info: Server started at http://localhost:4000/api/v1/ {"timestamp":"2022-12-13T08:48:16.022Z"}
info: Connected to the database. {"timestamp":"2022-12-13T08:48:16.125Z"}
info: Connected to the database. {"timestamp":"2022-12-13T08:54:52.581Z"}
info: Connected to the database. {"timestamp":"2022-12-13T08:54:58.461Z"}
info: Connected to the database. {"timestamp":"2022-12-13T08:55:00.730Z"}
info: Connected to the database. {"timestamp":"2022-12-13T08:55:04.881Z"}
info: Connected to the database. {"timestamp":"2022-12-13T08:55:13.540Z"}
info: Connected to the database. {"timestamp":"2022-12-13T08:55:15.912Z"}
info: Connected to the database. {"timestamp":"2022-12-13T08:55:19.389Z"}
info: Connected to the database. {"timestamp":"2022-12-13T08:55:24.811Z"}
info: Connected to the database. {"timestamp":"2022-12-13T08:55:30.688Z"}
info: Connected to the database. {"timestamp":"2022-12-13T09:02:27.101Z"}
info: Server started at http://localhost:4000/api/v1/ {"timestamp":"2022-12-13T09:02:31.238Z"}
info: Connected to the database. {"timestamp":"2022-12-13T09:02:31.306Z"}
info: Connected to the database. {"timestamp":"2022-12-13T10:14:13.342Z"}
info: Connected to the database. {"timestamp":"2022-12-13T10:14:20.551Z"}
info: Connected to the database. {"timestamp":"2022-12-13T10:14:24.557Z"}
info: Server started at http://localhost:4000/api/v1/ {"timestamp":"2022-12-13T10:14:31.253Z"}
info: Connected to the database. {"timestamp":"2022-12-13T10:14:31.329Z"}
info: Connected to the database. {"timestamp":"2022-12-13T10:14:46.598Z"}
info: Server started at http://localhost:4000/api/v1/ {"timestamp":"2022-12-13T10:14:53.619Z"}
info: Connected to the database. {"timestamp":"2022-12-13T10:14:53.696Z"}
info: Connected to the database. {"timestamp":"2022-12-13T10:15:03.418Z"}
info: Server started at http://localhost:4000/api/v1/ {"timestamp":"2022-12-13T10:15:08.698Z"}
info: Connected to the database. {"timestamp":"2022-12-13T10:15:08.763Z"}
info: Server started at http://localhost:4000/api/v1/ {"timestamp":"2022-12-13T10:15:12.105Z"}
info: Connected to the database. {"timestamp":"2022-12-13T10:15:12.181Z"}
info: Server started at http://localhost:4000/api/v1/ {"timestamp":"2022-12-13T10:18:16.276Z"}
info: Connected to the database. {"timestamp":"2022-12-13T10:18:16.383Z"}
info: Server started at http://localhost:4000/api/v1/ {"timestamp":"2022-12-13T10:18:24.592Z"}
info: Connected to the database. {"timestamp":"2022-12-13T10:18:24.662Z"}
info: Server started at http://localhost:4000/api/v1/ {"timestamp":"2022-12-13T10:18:28.760Z"}
info: Connected to the database. {"timestamp":"2022-12-13T10:18:28.862Z"}
info: Server started at http://localhost:4000/api/v1/ {"timestamp":"2022-12-13T10:18:34.720Z"}
info: Server started at http://localhost:4000/api/v1/ {"timestamp":"2022-12-13T10:18:49.272Z"}
info: Connected to the database. {"timestamp":"2022-12-13T10:18:49.352Z"}
info: Server started at http://localhost:4000/api/v1/ {"timestamp":"2022-12-13T10:19:03.282Z"}
info: Connected to the database. {"timestamp":"2022-12-13T10:19:03.359Z"}
info: Server started at http://localhost:4000/api/v1/ {"timestamp":"2022-12-13T10:19:07.746Z"}
info: Connected to the database. {"timestamp":"2022-12-13T10:19:07.814Z"}
info: Server started at http://localhost:4000/api/v1/ {"timestamp":"2022-12-13T10:19:11.694Z"}
info: Connected to the database. {"timestamp":"2022-12-13T10:19:11.791Z"}
info: Server started at http://localhost:4000/api/v1/ {"timestamp":"2022-12-13T10:19:20.800Z"}
info: Connected to the database. {"timestamp":"2022-12-13T10:19:20.867Z"}
info: Server started at http://localhost:4000/api/v1/ {"timestamp":"2022-12-13T10:28:09.521Z"}
info: Connected to the database. {"timestamp":"2022-12-13T10:28:09.735Z"}
error: 
    status - 500 
    message - Error: 
    at Query.run (D:\MySQLProject\EmployeePayroll\node_modules\sequelize\src\dialects\mysql\query.js:46:25)
    at D:\MySQLProject\EmployeePayroll\node_modules\sequelize\src\sequelize.js:649:28
    at processTicksAndRejections (node:internal/process/task_queues:95:5)
    at MySQLQueryInterface.select (D:\MySQLProject\EmployeePayroll\node_modules\sequelize\src\dialects\abstract\query-interface.js:1001:12)
    at Function.findAll (D:\MySQLProject\EmployeePayroll\node_modules\sequelize\src\model.js:1816:21) 
    url - /api/v1/users/ 
    method - GET 
    IP - ::1
   {"timestamp":"2022-12-13T10:29:55.524Z"}
info: Server started at http://localhost:4000/api/v1/ {"timestamp":"2022-12-13T10:33:06.176Z"}
info: Connected to the database. {"timestamp":"2022-12-13T10:33:06.266Z"}
info: Server started at http://localhost:4000/api/v1/ {"timestamp":"2022-12-13T10:39:14.829Z"}
info: Connected to the database. {"timestamp":"2022-12-13T10:39:14.895Z"}
info: Server started at http://localhost:4000/api/v1/ {"timestamp":"2022-12-13T10:39:17.695Z"}
info: Connected to the database. {"timestamp":"2022-12-13T10:39:17.779Z"}
info: Server started at http://localhost:4000/api/v1/ {"timestamp":"2022-12-13T10:39:51.989Z"}
info: Connected to the database. {"timestamp":"2022-12-13T10:39:52.072Z"}
info: Server started at http://localhost:4000/api/v1/ {"timestamp":"2022-12-13T10:40:17.460Z"}
info: Connected to the database. {"timestamp":"2022-12-13T10:40:17.540Z"}
info: Server started at http://localhost:4000/api/v1/ {"timestamp":"2022-12-13T10:41:52.131Z"}
info: Connected to the database. {"timestamp":"2022-12-13T10:41:52.205Z"}
info: Server started at http://localhost:4000/api/v1/ {"timestamp":"2022-12-13T10:42:51.455Z"}
info: Connected to the database. {"timestamp":"2022-12-13T10:42:51.541Z"}
info: Server started at http://localhost:4000/api/v1/ {"timestamp":"2022-12-13T10:43:18.275Z"}
info: Connected to the database. {"timestamp":"2022-12-13T10:43:18.342Z"}
info: Server started at http://localhost:4000/api/v1/ {"timestamp":"2022-12-13T10:43:21.423Z"}
info: Connected to the database. {"timestamp":"2022-12-13T10:43:21.503Z"}
info: Server started at http://localhost:4000/api/v1/ {"timestamp":"2022-12-13T10:44:33.483Z"}
info: Connected to the database. {"timestamp":"2022-12-13T10:44:33.562Z"}
info: Server started at http://localhost:4000/api/v1/ {"timestamp":"2022-12-13T12:08:32.749Z"}
info: Connected to the database. {"timestamp":"2022-12-13T12:08:32.978Z"}
info: Server started at http://localhost:4000/api/v1/ {"timestamp":"2022-12-13T12:09:04.712Z"}
info: Connected to the database. {"timestamp":"2022-12-13T12:09:04.773Z"}
info: Server started at http://localhost:4000/api/v1/ {"timestamp":"2022-12-13T12:09:06.887Z"}
info: Connected to the database. {"timestamp":"2022-12-13T12:09:06.959Z"}
info: Server started at http://localhost:4000/api/v1/ {"timestamp":"2022-12-13T12:09:58.360Z"}
info: Connected to the database. {"timestamp":"2022-12-13T12:09:58.460Z"}
info: Server started at http://localhost:4000/api/v1/ {"timestamp":"2022-12-13T12:10:19.140Z"}
info: Connected to the database. {"timestamp":"2022-12-13T12:10:19.196Z"}
info: Connected to the database. {"timestamp":"2022-12-13T12:10:23.746Z"}
info: Server started at http://localhost:4000/api/v1/ {"timestamp":"2022-12-13T12:11:07.666Z"}
info: Connected to the database. {"timestamp":"2022-12-13T12:11:07.753Z"}
info: Server started at http://localhost:4000/api/v1/ {"timestamp":"2022-12-13T12:11:14.372Z"}
info: Connected to the database. {"timestamp":"2022-12-13T12:11:14.431Z"}
info: Server started at http://localhost:4000/api/v1/ {"timestamp":"2022-12-13T12:11:19.202Z"}
info: Connected to the database. {"timestamp":"2022-12-13T12:11:19.271Z"}
info: Server started at http://localhost:4000/api/v1/ {"timestamp":"2022-12-13T12:11:25.871Z"}
info: Connected to the database. {"timestamp":"2022-12-13T12:11:25.942Z"}
info: Server started at http://localhost:4000/api/v1/ {"timestamp":"2022-12-13T12:11:35.755Z"}
info: Connected to the database. {"timestamp":"2022-12-13T12:11:35.830Z"}
info: Connected to the database. {"timestamp":"2022-12-13T12:11:41.941Z"}
info: Server started at http://localhost:4000/api/v1/ {"timestamp":"2022-12-13T12:11:50.516Z"}
info: Connected to the database. {"timestamp":"2022-12-13T12:11:50.604Z"}
info: Server started at http://localhost:4000/api/v1/ {"timestamp":"2022-12-13T12:12:17.905Z"}
info: Connected to the database. {"timestamp":"2022-12-13T12:12:17.969Z"}
info: Server started at http://localhost:4000/api/v1/ {"timestamp":"2022-12-13T12:15:03.579Z"}
info: Connected to the database. {"timestamp":"2022-12-13T12:15:03.656Z"}
info: Server started at http://localhost:4000/api/v1/ {"timestamp":"2022-12-13T12:15:06.242Z"}
info: Connected to the database. {"timestamp":"2022-12-13T12:15:06.327Z"}
info: Server started at http://localhost:4000/api/v1/ {"timestamp":"2022-12-13T12:15:18.697Z"}
info: Connected to the database. {"timestamp":"2022-12-13T12:15:18.779Z"}
info: Connected to the database. {"timestamp":"2022-12-13T12:15:34.819Z"}
info: Server started at http://localhost:4000/api/v1/ {"timestamp":"2022-12-13T12:15:44.253Z"}
info: Connected to the database. {"timestamp":"2022-12-13T12:15:44.312Z"}
info: Server started at http://localhost:4000/api/v1/ {"timestamp":"2022-12-13T12:16:30.376Z"}
info: Connected to the database. {"timestamp":"2022-12-13T12:16:30.452Z"}
info: Server started at http://localhost:4000/api/v1/ {"timestamp":"2022-12-13T12:16:37.592Z"}
info: Connected to the database. {"timestamp":"2022-12-13T12:16:37.672Z"}
info: Server started at http://localhost:4000/api/v1/ {"timestamp":"2022-12-13T12:16:49.678Z"}
info: Connected to the database. {"timestamp":"2022-12-13T12:16:49.740Z"}
info: Server started at http://localhost:4000/api/v1/ {"timestamp":"2022-12-13T12:16:53.993Z"}
info: Connected to the database. {"timestamp":"2022-12-13T12:16:54.067Z"}
info: Server started at http://localhost:4000/api/v1/ {"timestamp":"2022-12-13T12:17:19.944Z"}
info: Connected to the database. {"timestamp":"2022-12-13T12:17:20.031Z"}
info: Server started at http://localhost:4000/api/v1/ {"timestamp":"2022-12-13T12:17:24.942Z"}
info: Connected to the database. {"timestamp":"2022-12-13T12:17:25.024Z"}
info: Server started at http://localhost:4000/api/v1/ {"timestamp":"2022-12-13T12:17:50.320Z"}
info: Connected to the database. {"timestamp":"2022-12-13T12:17:50.407Z"}
info: Server started at http://localhost:4000/api/v1/ {"timestamp":"2022-12-13T12:17:56.730Z"}
info: Connected to the database. {"timestamp":"2022-12-13T12:17:56.795Z"}
info: Server started at http://localhost:4000/api/v1/ {"timestamp":"2022-12-13T12:17:59.235Z"}
info: Connected to the database. {"timestamp":"2022-12-13T12:17:59.305Z"}
info: Server started at http://localhost:4000/api/v1/ {"timestamp":"2022-12-13T12:18:05.263Z"}
info: Connected to the database. {"timestamp":"2022-12-13T12:18:05.351Z"}
info: Server started at http://localhost:4000/api/v1/ {"timestamp":"2022-12-13T12:18:39.888Z"}
info: Connected to the database. {"timestamp":"2022-12-13T12:18:39.962Z"}
info: Server started at http://localhost:4000/api/v1/ {"timestamp":"2022-12-13T12:18:51.899Z"}
info: Connected to the database. {"timestamp":"2022-12-13T12:18:51.968Z"}
info: Connected to the database. {"timestamp":"2022-12-13T12:18:55.131Z"}
info: Server started at http://localhost:4000/api/v1/ {"timestamp":"2022-12-13T12:18:58.824Z"}
info: Connected to the database. {"timestamp":"2022-12-13T12:18:58.901Z"}
info: Server started at http://localhost:4000/api/v1/ {"timestamp":"2022-12-13T12:19:04.196Z"}
info: Connected to the database. {"timestamp":"2022-12-13T12:19:04.265Z"}
info: Connected to the database. {"timestamp":"2022-12-13T12:19:09.865Z"}
info: Server started at http://localhost:4000/api/v1/ {"timestamp":"2022-12-13T12:19:19.724Z"}
info: Connected to the database. {"timestamp":"2022-12-13T12:19:19.792Z"}
info: Server started at http://localhost:4000/api/v1/ {"timestamp":"2022-12-13T12:20:39.568Z"}
info: Connected to the database. {"timestamp":"2022-12-13T12:20:39.648Z"}
info: Server started at http://localhost:4000/api/v1/ {"timestamp":"2022-12-13T13:42:12.103Z"}
info: Connected to the database. {"timestamp":"2022-12-13T13:42:12.330Z"}
info: Server started at http://localhost:4000/api/v1/ {"timestamp":"2022-12-13T13:43:05.625Z"}
info: Connected to the database. {"timestamp":"2022-12-13T13:43:05.684Z"}
info: Server started at http://localhost:4000/api/v1/ {"timestamp":"2022-12-13T14:15:40.812Z"}
info: Connected to the database. {"timestamp":"2022-12-13T14:15:40.886Z"}
info: Server started at http://localhost:4000/api/v1/ {"timestamp":"2022-12-13T14:15:48.324Z"}
info: Connected to the database. {"timestamp":"2022-12-13T14:15:48.391Z"}
info: Server started at http://localhost:4000/api/v1/ {"timestamp":"2022-12-13T14:16:03.840Z"}
info: Connected to the database. {"timestamp":"2022-12-13T14:16:03.901Z"}
info: Server started at http://localhost:4000/api/v1/ {"timestamp":"2022-12-13T14:16:08.357Z"}
info: Connected to the database. {"timestamp":"2022-12-13T14:16:08.430Z"}
info: Server started at http://localhost:4000/api/v1/ {"timestamp":"2022-12-13T14:16:13.784Z"}
info: Connected to the database. {"timestamp":"2022-12-13T14:16:13.884Z"}
info: Server started at http://localhost:4000/api/v1/ {"timestamp":"2022-12-13T14:16:42.448Z"}
info: Connected to the database. {"timestamp":"2022-12-13T14:16:42.523Z"}
info: Server started at http://localhost:4000/api/v1/ {"timestamp":"2022-12-13T14:16:49.128Z"}
info: Connected to the database. {"timestamp":"2022-12-13T14:16:49.197Z"}
info: Server started at http://localhost:4000/api/v1/ {"timestamp":"2022-12-13T14:16:53.478Z"}
info: Connected to the database. {"timestamp":"2022-12-13T14:16:53.562Z"}
info: Server started at http://localhost:4000/api/v1/ {"timestamp":"2022-12-13T14:17:00.218Z"}
info: Connected to the database. {"timestamp":"2022-12-13T14:17:00.301Z"}
info: Server started at http://localhost:4000/api/v1/ {"timestamp":"2022-12-13T14:17:20.399Z"}
info: Connected to the database. {"timestamp":"2022-12-13T14:17:20.482Z"}
info: Server started at http://localhost:4000/api/v1/ {"timestamp":"2022-12-13T14:17:28.107Z"}
info: Connected to the database. {"timestamp":"2022-12-13T14:17:28.175Z"}
info: Server started at http://localhost:4000/api/v1/ {"timestamp":"2022-12-13T14:18:01.855Z"}
info: Server started at http://localhost:4000/api/v1/ {"timestamp":"2022-12-13T14:18:04.194Z"}
info: Connected to the database. {"timestamp":"2022-12-13T14:18:04.269Z"}
info: Server started at http://localhost:4000/api/v1/ {"timestamp":"2022-12-13T14:18:21.594Z"}
info: Connected to the database. {"timestamp":"2022-12-13T14:18:21.664Z"}
info: Server started at http://localhost:4000/api/v1/ {"timestamp":"2022-12-13T14:18:34.573Z"}
info: Connected to the database. {"timestamp":"2022-12-13T14:18:34.634Z"}
info: Server started at http://localhost:4000/api/v1/ {"timestamp":"2022-12-13T14:18:37.207Z"}
info: Connected to the database. {"timestamp":"2022-12-13T14:18:37.271Z"}
info: Server started at http://localhost:4000/api/v1/ {"timestamp":"2022-12-13T14:20:27.808Z"}
info: Connected to the database. {"timestamp":"2022-12-13T14:20:27.883Z"}
info: Server started at http://localhost:4000/api/v1/ {"timestamp":"2022-12-13T14:20:32.155Z"}
info: Connected to the database. {"timestamp":"2022-12-13T14:20:32.220Z"}
info: Server started at http://localhost:4000/api/v1/ {"timestamp":"2022-12-13T14:20:36.731Z"}
info: Connected to the database. {"timestamp":"2022-12-13T14:20:36.802Z"}
info: Server started at http://localhost:4000/api/v1/ {"timestamp":"2022-12-13T14:20:52.647Z"}
info: Connected to the database. {"timestamp":"2022-12-13T14:20:52.721Z"}
info: Server started at http://localhost:4000/api/v1/ {"timestamp":"2022-12-13T14:21:02.949Z"}
info: Connected to the database. {"timestamp":"2022-12-13T14:21:03.020Z"}
info: Server started at http://localhost:4000/api/v1/ {"timestamp":"2022-12-13T14:21:21.240Z"}
info: Connected to the database. {"timestamp":"2022-12-13T14:21:21.309Z"}
info: Server started at http://localhost:4000/api/v1/ {"timestamp":"2022-12-13T14:21:24.985Z"}
info: Connected to the database. {"timestamp":"2022-12-13T14:21:25.061Z"}
info: Server started at http://localhost:4000/api/v1/ {"timestamp":"2022-12-13T14:21:31.665Z"}
info: Connected to the database. {"timestamp":"2022-12-13T14:21:31.732Z"}
info: Server started at http://localhost:4000/api/v1/ {"timestamp":"2022-12-13T14:21:35.107Z"}
info: Connected to the database. {"timestamp":"2022-12-13T14:21:35.175Z"}
info: Server started at http://localhost:4000/api/v1/ {"timestamp":"2022-12-13T14:21:39.365Z"}
info: Connected to the database. {"timestamp":"2022-12-13T14:21:39.440Z"}
info: Server started at http://localhost:4000/api/v1/ {"timestamp":"2022-12-13T14:21:43.113Z"}
info: Connected to the database. {"timestamp":"2022-12-13T14:21:43.189Z"}
info: Server started at http://localhost:4000/api/v1/ {"timestamp":"2022-12-13T14:22:46.379Z"}
info: Connected to the database. {"timestamp":"2022-12-13T14:22:46.454Z"}
info: Server started at http://localhost:4000/api/v1/ {"timestamp":"2022-12-13T14:22:53.687Z"}
info: Connected to the database. {"timestamp":"2022-12-13T14:22:53.746Z"}
info: Server started at http://localhost:4000/api/v1/ {"timestamp":"2022-12-13T14:22:56.237Z"}
info: Connected to the database. {"timestamp":"2022-12-13T14:22:56.310Z"}
info: Server started at http://localhost:4000/api/v1/ {"timestamp":"2022-12-13T14:24:38.797Z"}
info: Connected to the database. {"timestamp":"2022-12-13T14:24:38.874Z"}
info: Server started at http://localhost:4000/api/v1/ {"timestamp":"2022-12-13T14:24:41.860Z"}
info: Connected to the database. {"timestamp":"2022-12-13T14:24:41.928Z"}
info: Server started at http://localhost:4000/api/v1/ {"timestamp":"2022-12-13T15:00:50.431Z"}
info: Connected to the database. {"timestamp":"2022-12-13T15:00:50.640Z"}
info: Server started at http://localhost:4000/api/v1/ {"timestamp":"2022-12-13T15:02:38.432Z"}
info: Connected to the database. {"timestamp":"2022-12-13T15:02:38.508Z"}
