info: Server started at http://localhost:4000/api/v1/ {"timestamp":"2022-12-14T02:45:19.724Z"}
info: Connected to the database. {"timestamp":"2022-12-14T02:45:20.056Z"}
info: Server started at http://localhost:4000/api/v1/ {"timestamp":"2022-12-14T02:46:07.093Z"}
info: Connected to the database. {"timestamp":"2022-12-14T02:46:07.188Z"}
info: Server started at http://localhost:4000/api/v1/ {"timestamp":"2022-12-14T02:46:11.826Z"}
info: Connected to the database. {"timestamp":"2022-12-14T02:46:11.916Z"}
info: Server started at http://localhost:4000/api/v1/ {"timestamp":"2022-12-14T02:51:00.230Z"}
info: Connected to the database. {"timestamp":"2022-12-14T02:51:00.368Z"}
info: Server started at http://localhost:4000/api/v1/ {"timestamp":"2022-12-14T02:51:05.392Z"}
info: Connected to the database. {"timestamp":"2022-12-14T02:51:05.496Z"}
info: Server started at http://localhost:4000/api/v1/ {"timestamp":"2022-12-14T02:51:26.269Z"}
info: Connected to the database. {"timestamp":"2022-12-14T02:51:26.357Z"}
info: Server started at http://localhost:4000/api/v1/ {"timestamp":"2022-12-14T02:53:37.201Z"}
info: Connected to the database. {"timestamp":"2022-12-14T02:53:37.299Z"}
info: Server started at http://localhost:4000/api/v1/ {"timestamp":"2022-12-14T02:55:05.678Z"}
info: Connected to the database. {"timestamp":"2022-12-14T02:55:05.767Z"}
info: Server started at http://localhost:4000/api/v1/ {"timestamp":"2022-12-14T02:55:10.983Z"}
info: Connected to the database. {"timestamp":"2022-12-14T02:55:11.110Z"}
info: Server started at http://localhost:4000/api/v1/ {"timestamp":"2022-12-14T02:55:14.414Z"}
info: Connected to the database. {"timestamp":"2022-12-14T02:55:14.502Z"}
info: Server started at http://localhost:4000/api/v1/ {"timestamp":"2022-12-14T02:56:15.346Z"}
info: Connected to the database. {"timestamp":"2022-12-14T02:56:15.438Z"}
info: Server started at http://localhost:4000/api/v1/ {"timestamp":"2022-12-14T03:05:15.775Z"}
info: Connected to the database. {"timestamp":"2022-12-14T03:05:15.819Z"}
info: Server started at http://localhost:4000/api/v1/ {"timestamp":"2022-12-14T03:05:19.245Z"}
info: Connected to the database. {"timestamp":"2022-12-14T03:05:19.310Z"}
info: Server started at http://localhost:4000/api/v1/ {"timestamp":"2022-12-14T03:05:24.688Z"}
info: Connected to the database. {"timestamp":"2022-12-14T03:05:24.748Z"}
info: Server started at http://localhost:4000/api/v1/ {"timestamp":"2022-12-14T03:05:43.872Z"}
info: Connected to the database. {"timestamp":"2022-12-14T03:05:43.926Z"}
info: Server started at http://localhost:4000/api/v1/ {"timestamp":"2022-12-14T03:08:15.942Z"}
info: Connected to the database. {"timestamp":"2022-12-14T03:08:15.997Z"}
info: Server started at http://localhost:4000/api/v1/ {"timestamp":"2022-12-14T03:08:20.894Z"}
info: Connected to the database. {"timestamp":"2022-12-14T03:08:20.943Z"}
info: Server started at http://localhost:4000/api/v1/ {"timestamp":"2022-12-14T03:08:25.219Z"}
info: Connected to the database. {"timestamp":"2022-12-14T03:08:25.290Z"}
info: Server started at http://localhost:4000/api/v1/ {"timestamp":"2022-12-14T05:03:50.810Z"}
info: Connected to the database. {"timestamp":"2022-12-14T05:03:50.881Z"}
error: 
    status - 500 
    message - ValidationError: "lastName" length must be at least 3 characters long 
    url - /api/v1/employees 
    method - POST 
    IP - ::1
   {"timestamp":"2022-12-14T05:12:34.618Z"}
info: Server started at http://localhost:4000/api/v1/ {"timestamp":"2022-12-14T05:13:45.548Z"}
info: Connected to the database. {"timestamp":"2022-12-14T05:13:45.907Z"}
info: Server started at http://localhost:4000/api/v1/ {"timestamp":"2022-12-14T05:14:28.247Z"}
info: Connected to the database. {"timestamp":"2022-12-14T05:14:28.380Z"}
info: Server started at http://localhost:4000/api/v1/ {"timestamp":"2022-12-14T05:14:44.561Z"}
info: Connected to the database. {"timestamp":"2022-12-14T05:14:44.770Z"}
info: Server started at http://localhost:4000/api/v1/ {"timestamp":"2022-12-14T05:14:48.778Z"}
info: Connected to the database. {"timestamp":"2022-12-14T05:14:48.881Z"}
info: Server started at http://localhost:4000/api/v1/ {"timestamp":"2022-12-14T05:16:10.567Z"}
info: Connected to the database. {"timestamp":"2022-12-14T05:16:10.715Z"}
info: Server started at http://localhost:4000/api/v1/ {"timestamp":"2022-12-14T05:16:21.051Z"}
info: Connected to the database. {"timestamp":"2022-12-14T05:16:21.160Z"}
info: Server started at http://localhost:4000/api/v1/ {"timestamp":"2022-12-14T05:16:58.834Z"}
info: Connected to the database. {"timestamp":"2022-12-14T05:16:58.959Z"}
info: Server started at http://localhost:4000/api/v1/ {"timestamp":"2022-12-14T05:19:18.933Z"}
info: Connected to the database. {"timestamp":"2022-12-14T05:19:19.058Z"}
info: Server started at http://localhost:4000/api/v1/ {"timestamp":"2022-12-14T05:19:24.652Z"}
info: Connected to the database. {"timestamp":"2022-12-14T05:19:24.772Z"}
info: Server started at http://localhost:4000/api/v1/ {"timestamp":"2022-12-14T05:19:40.827Z"}
info: Connected to the database. {"timestamp":"2022-12-14T05:19:40.928Z"}
info: Server started at http://localhost:4000/api/v1/ {"timestamp":"2022-12-14T05:19:46.225Z"}
info: Connected to the database. {"timestamp":"2022-12-14T05:19:46.354Z"}
info: Server started at http://localhost:4000/api/v1/ {"timestamp":"2022-12-14T05:20:21.767Z"}
info: Connected to the database. {"timestamp":"2022-12-14T05:20:21.921Z"}
info: Server started at http://localhost:4000/api/v1/ {"timestamp":"2022-12-14T05:21:06.075Z"}
info: Connected to the database. {"timestamp":"2022-12-14T05:21:06.492Z"}
info: Server started at http://localhost:4000/api/v1/ {"timestamp":"2022-12-14T05:22:18.240Z"}
info: Connected to the database. {"timestamp":"2022-12-14T05:22:18.367Z"}
info: Server started at http://localhost:4000/api/v1/ {"timestamp":"2022-12-14T05:22:26.697Z"}
info: Connected to the database. {"timestamp":"2022-12-14T05:22:26.860Z"}
info: Server started at http://localhost:4000/api/v1/ {"timestamp":"2022-12-14T05:22:31.292Z"}
info: Connected to the database. {"timestamp":"2022-12-14T05:22:31.402Z"}
info: Server started at http://localhost:4000/api/v1/ {"timestamp":"2022-12-14T05:22:45.856Z"}
info: Connected to the database. {"timestamp":"2022-12-14T05:22:45.987Z"}
info: Server started at http://localhost:4000/api/v1/ {"timestamp":"2022-12-14T05:22:55.799Z"}
info: Connected to the database. {"timestamp":"2022-12-14T05:22:55.894Z"}
info: Server started at http://localhost:4000/api/v1/ {"timestamp":"2022-12-14T05:23:45.606Z"}
info: Connected to the database. {"timestamp":"2022-12-14T05:23:45.732Z"}
info: Server started at http://localhost:4000/api/v1/ {"timestamp":"2022-12-14T05:24:25.283Z"}
info: Connected to the database. {"timestamp":"2022-12-14T05:24:25.405Z"}
info: Server started at http://localhost:4000/api/v1/ {"timestamp":"2022-12-14T05:24:48.041Z"}
info: Connected to the database. {"timestamp":"2022-12-14T05:24:48.203Z"}
info: Server started at http://localhost:4000/api/v1/ {"timestamp":"2022-12-14T05:24:58.930Z"}
info: Connected to the database. {"timestamp":"2022-12-14T05:24:59.059Z"}
info: Server started at http://localhost:4000/api/v1/ {"timestamp":"2022-12-14T05:25:09.488Z"}
info: Connected to the database. {"timestamp":"2022-12-14T05:25:09.622Z"}
info: Server started at http://localhost:4000/api/v1/ {"timestamp":"2022-12-14T05:25:14.561Z"}
info: Connected to the database. {"timestamp":"2022-12-14T05:25:14.643Z"}
info: Server started at http://localhost:4000/api/v1/ {"timestamp":"2022-12-14T05:25:23.063Z"}
info: Connected to the database. {"timestamp":"2022-12-14T05:25:23.191Z"}
info: Server started at http://localhost:4000/api/v1/ {"timestamp":"2022-12-14T05:26:16.103Z"}
info: Connected to the database. {"timestamp":"2022-12-14T05:26:16.207Z"}
info: Server started at http://localhost:4000/api/v1/ {"timestamp":"2022-12-14T05:26:25.000Z"}
info: Connected to the database. {"timestamp":"2022-12-14T05:26:25.094Z"}
info: Server started at http://localhost:4000/api/v1/ {"timestamp":"2022-12-14T05:27:45.156Z"}
info: Connected to the database. {"timestamp":"2022-12-14T05:27:45.268Z"}
error: 
      status - 400
      message - Authorization token is required 
      url - /api/v1/employees/2 
      method - GET 
      IP - ::1
     {"timestamp":"2022-12-14T05:31:49.273Z"}
info: Server started at http://localhost:4000/api/v1/ {"timestamp":"2022-12-14T05:32:08.748Z"}
info: Connected to the database. {"timestamp":"2022-12-14T05:32:08.846Z"}
info: Server started at http://localhost:4000/api/v1/ {"timestamp":"2022-12-14T05:32:50.115Z"}
info: Connected to the database. {"timestamp":"2022-12-14T05:32:50.230Z"}
